[INFO] [11:00:24.539] [JavaFX Application Thread] [] com.zzg.mybatis.generator.util.DbUtil.getConnectionUrlWithSchema:214 --> getConnectionUrlWithSchema, connection url: jdbc:mysql://localhost:3306/yami_shop?useUnicode=true&useSSL=false&characterEncoding=utf8
[INFO] [11:00:24.712] [JavaFX Application Thread] [] com.zzg.mybatis.generator.util.DbUtil.getConnection:139 --> getConnection, connection url: com.mysql.jdbc.JDBC4Connection@6dbef79f
[INFO] [11:01:31.079] [JavaFX Application Thread] [] com.zzg.mybatis.generator.util.ConfigHelper.findConnectorLibPath:215 --> jar resource: jar:file:/D:/mybatis-start/mybatis-generator-gui.jar!/logback.xml
[INFO] [11:01:31.081] [JavaFX Application Thread] [] com.zzg.mybatis.generator.bridge.MybatisGeneratorBridge.generate:66 --> connectorLibPath: D:\mybatis-start\lib\mysql-connector-java-5.1.38.jar
[INFO] [11:01:31.082] [JavaFX Application Thread] [] com.zzg.mybatis.generator.util.DbUtil.getConnectionUrlWithSchema:214 --> getConnectionUrlWithSchema, connection url: jdbc:mysql://localhost:3306/yami_shop?useUnicode=true&useSSL=false&characterEncoding=utf8
[DEBUG] [11:01:31.496] [JavaFX Application Thread] [] org.mybatis.generator.internal.db.DatabaseIntrospector.getColumns:506 --> Retrieving column information for table "yami_shop.tz_sys_user"
[DEBUG] [11:01:31.514] [JavaFX Application Thread] [] org.mybatis.generator.internal.db.DatabaseIntrospector.getColumns:563 --> Found column "user_id", data type -5, in table "yami_shop..tz_sys_user"
[DEBUG] [11:01:31.514] [JavaFX Application Thread] [] org.mybatis.generator.internal.db.DatabaseIntrospector.getColumns:563 --> Found column "username", data type 12, in table "yami_shop..tz_sys_user"
[DEBUG] [11:01:31.514] [JavaFX Application Thread] [] org.mybatis.generator.internal.db.DatabaseIntrospector.getColumns:563 --> Found column "password", data type 12, in table "yami_shop..tz_sys_user"
[DEBUG] [11:01:31.515] [JavaFX Application Thread] [] org.mybatis.generator.internal.db.DatabaseIntrospector.getColumns:563 --> Found column "email", data type 12, in table "yami_shop..tz_sys_user"
[DEBUG] [11:01:31.515] [JavaFX Application Thread] [] org.mybatis.generator.internal.db.DatabaseIntrospector.getColumns:563 --> Found column "mobile", data type 12, in table "yami_shop..tz_sys_user"
[DEBUG] [11:01:31.515] [JavaFX Application Thread] [] org.mybatis.generator.internal.db.DatabaseIntrospector.getColumns:563 --> Found column "status", data type -6, in table "yami_shop..tz_sys_user"
[DEBUG] [11:01:31.516] [JavaFX Application Thread] [] org.mybatis.generator.internal.db.DatabaseIntrospector.getColumns:563 --> Found column "create_user", data type 12, in table "yami_shop..tz_sys_user"
[DEBUG] [11:01:31.516] [JavaFX Application Thread] [] org.mybatis.generator.internal.db.DatabaseIntrospector.getColumns:563 --> Found column "create_time", data type 93, in table "yami_shop..tz_sys_user"
[DEBUG] [11:01:31.516] [JavaFX Application Thread] [] org.mybatis.generator.internal.db.DatabaseIntrospector.getColumns:563 --> Found column "shop_id", data type -5, in table "yami_shop..tz_sys_user"
[INFO] [11:01:41.387] [JavaFX Application Thread] [] com.zzg.mybatis.generator.util.ConfigHelper.findConnectorLibPath:215 --> jar resource: jar:file:/D:/mybatis-start/mybatis-generator-gui.jar!/logback.xml
[INFO] [11:01:41.388] [JavaFX Application Thread] [] com.zzg.mybatis.generator.bridge.MybatisGeneratorBridge.generate:66 --> connectorLibPath: D:\mybatis-start\lib\mysql-connector-java-5.1.38.jar
[INFO] [11:01:41.388] [JavaFX Application Thread] [] com.zzg.mybatis.generator.util.DbUtil.getConnectionUrlWithSchema:214 --> getConnectionUrlWithSchema, connection url: jdbc:mysql://localhost:3306/yami_shop?useUnicode=true&useSSL=false&characterEncoding=utf8
[DEBUG] [11:01:41.569] [JavaFX Application Thread] [] org.mybatis.generator.internal.db.DatabaseIntrospector.getColumns:506 --> Retrieving column information for table "yami_shop.sys_role"
[DEBUG] [11:01:41.598] [JavaFX Application Thread] [] org.mybatis.generator.internal.db.DatabaseIntrospector.getColumns:563 --> Found column "role_id", data type -5, in table "yami_shop..sys_role"
[DEBUG] [11:01:41.598] [JavaFX Application Thread] [] org.mybatis.generator.internal.db.DatabaseIntrospector.getColumns:563 --> Found column "role_name", data type 12, in table "yami_shop..sys_role"
[DEBUG] [11:01:41.599] [JavaFX Application Thread] [] org.mybatis.generator.internal.db.DatabaseIntrospector.getColumns:563 --> Found column "role_key", data type 12, in table "yami_shop..sys_role"
[DEBUG] [11:01:41.599] [JavaFX Application Thread] [] org.mybatis.generator.internal.db.DatabaseIntrospector.getColumns:563 --> Found column "role_sort", data type 4, in table "yami_shop..sys_role"
[DEBUG] [11:01:41.599] [JavaFX Application Thread] [] org.mybatis.generator.internal.db.DatabaseIntrospector.getColumns:563 --> Found column "status", data type 1, in table "yami_shop..sys_role"
[DEBUG] [11:01:41.600] [JavaFX Application Thread] [] org.mybatis.generator.internal.db.DatabaseIntrospector.getColumns:563 --> Found column "create_by", data type 12, in table "yami_shop..sys_role"
[DEBUG] [11:01:41.600] [JavaFX Application Thread] [] org.mybatis.generator.internal.db.DatabaseIntrospector.getColumns:563 --> Found column "create_time", data type 93, in table "yami_shop..sys_role"
[DEBUG] [11:01:41.600] [JavaFX Application Thread] [] org.mybatis.generator.internal.db.DatabaseIntrospector.getColumns:563 --> Found column "update_by", data type 12, in table "yami_shop..sys_role"
[DEBUG] [11:01:41.600] [JavaFX Application Thread] [] org.mybatis.generator.internal.db.DatabaseIntrospector.getColumns:563 --> Found column "update_time", data type 93, in table "yami_shop..sys_role"
[INFO] [11:01:50.081] [JavaFX Application Thread] [] com.zzg.mybatis.generator.util.ConfigHelper.findConnectorLibPath:215 --> jar resource: jar:file:/D:/mybatis-start/mybatis-generator-gui.jar!/logback.xml
[INFO] [11:01:50.082] [JavaFX Application Thread] [] com.zzg.mybatis.generator.bridge.MybatisGeneratorBridge.generate:66 --> connectorLibPath: D:\mybatis-start\lib\mysql-connector-java-5.1.38.jar
[INFO] [11:01:50.082] [JavaFX Application Thread] [] com.zzg.mybatis.generator.util.DbUtil.getConnectionUrlWithSchema:214 --> getConnectionUrlWithSchema, connection url: jdbc:mysql://localhost:3306/yami_shop?useUnicode=true&useSSL=false&characterEncoding=utf8
[DEBUG] [11:01:50.251] [JavaFX Application Thread] [] org.mybatis.generator.internal.db.DatabaseIntrospector.getColumns:506 --> Retrieving column information for table "yami_shop.sys_menu"
[DEBUG] [11:01:50.278] [JavaFX Application Thread] [] org.mybatis.generator.internal.db.DatabaseIntrospector.getColumns:563 --> Found column "menu_id", data type -5, in table "yami_shop..sys_menu"
[DEBUG] [11:01:50.279] [JavaFX Application Thread] [] org.mybatis.generator.internal.db.DatabaseIntrospector.getColumns:563 --> Found column "menu_name", data type 12, in table "yami_shop..sys_menu"
[DEBUG] [11:01:50.281] [JavaFX Application Thread] [] org.mybatis.generator.internal.db.DatabaseIntrospector.getColumns:563 --> Found column "parent_id", data type -5, in table "yami_shop..sys_menu"
[DEBUG] [11:01:50.282] [JavaFX Application Thread] [] org.mybatis.generator.internal.db.DatabaseIntrospector.getColumns:563 --> Found column "order_num", data type 4, in table "yami_shop..sys_menu"
[DEBUG] [11:01:50.283] [JavaFX Application Thread] [] org.mybatis.generator.internal.db.DatabaseIntrospector.getColumns:563 --> Found column "path", data type 12, in table "yami_shop..sys_menu"
[DEBUG] [11:01:50.283] [JavaFX Application Thread] [] org.mybatis.generator.internal.db.DatabaseIntrospector.getColumns:563 --> Found column "component", data type 12, in table "yami_shop..sys_menu"
[DEBUG] [11:01:50.283] [JavaFX Application Thread] [] org.mybatis.generator.internal.db.DatabaseIntrospector.getColumns:563 --> Found column "query", data type 12, in table "yami_shop..sys_menu"
[DEBUG] [11:01:50.284] [JavaFX Application Thread] [] org.mybatis.generator.internal.db.DatabaseIntrospector.getColumns:563 --> Found column "is_frame", data type 4, in table "yami_shop..sys_menu"
[DEBUG] [11:01:50.284] [JavaFX Application Thread] [] org.mybatis.generator.internal.db.DatabaseIntrospector.getColumns:563 --> Found column "is_cache", data type 4, in table "yami_shop..sys_menu"
[DEBUG] [11:01:50.284] [JavaFX Application Thread] [] org.mybatis.generator.internal.db.DatabaseIntrospector.getColumns:563 --> Found column "menu_type", data type 1, in table "yami_shop..sys_menu"
[DEBUG] [11:01:50.285] [JavaFX Application Thread] [] org.mybatis.generator.internal.db.DatabaseIntrospector.getColumns:563 --> Found column "visible", data type 1, in table "yami_shop..sys_menu"
[DEBUG] [11:01:50.285] [JavaFX Application Thread] [] org.mybatis.generator.internal.db.DatabaseIntrospector.getColumns:563 --> Found column "status", data type 1, in table "yami_shop..sys_menu"
[DEBUG] [11:01:50.285] [JavaFX Application Thread] [] org.mybatis.generator.internal.db.DatabaseIntrospector.getColumns:563 --> Found column "perms", data type 12, in table "yami_shop..sys_menu"
[DEBUG] [11:01:50.286] [JavaFX Application Thread] [] org.mybatis.generator.internal.db.DatabaseIntrospector.getColumns:563 --> Found column "icon", data type 12, in table "yami_shop..sys_menu"
[DEBUG] [11:01:50.286] [JavaFX Application Thread] [] org.mybatis.generator.internal.db.DatabaseIntrospector.getColumns:563 --> Found column "create_by", data type 12, in table "yami_shop..sys_menu"
[DEBUG] [11:01:50.286] [JavaFX Application Thread] [] org.mybatis.generator.internal.db.DatabaseIntrospector.getColumns:563 --> Found column "create_time", data type 93, in table "yami_shop..sys_menu"
[DEBUG] [11:01:50.287] [JavaFX Application Thread] [] org.mybatis.generator.internal.db.DatabaseIntrospector.getColumns:563 --> Found column "update_by", data type 12, in table "yami_shop..sys_menu"
[DEBUG] [11:01:50.287] [JavaFX Application Thread] [] org.mybatis.generator.internal.db.DatabaseIntrospector.getColumns:563 --> Found column "update_time", data type 93, in table "yami_shop..sys_menu"
[INFO] [11:02:07.473] [JavaFX Application Thread] [] com.zzg.mybatis.generator.util.ConfigHelper.findConnectorLibPath:215 --> jar resource: jar:file:/D:/mybatis-start/mybatis-generator-gui.jar!/logback.xml
[INFO] [11:02:07.473] [JavaFX Application Thread] [] com.zzg.mybatis.generator.bridge.MybatisGeneratorBridge.generate:66 --> connectorLibPath: D:\mybatis-start\lib\mysql-connector-java-5.1.38.jar
[INFO] [11:02:07.473] [JavaFX Application Thread] [] com.zzg.mybatis.generator.util.DbUtil.getConnectionUrlWithSchema:214 --> getConnectionUrlWithSchema, connection url: jdbc:mysql://localhost:3306/yami_shop?useUnicode=true&useSSL=false&characterEncoding=utf8
[DEBUG] [11:02:07.631] [JavaFX Application Thread] [] org.mybatis.generator.internal.db.DatabaseIntrospector.getColumns:506 --> Retrieving column information for table "yami_shop.tz_shop_detail"
[DEBUG] [11:02:07.649] [JavaFX Application Thread] [] org.mybatis.generator.internal.db.DatabaseIntrospector.getColumns:563 --> Found column "shop_id", data type -5, in table "yami_shop..tz_shop_detail"
[DEBUG] [11:02:07.649] [JavaFX Application Thread] [] org.mybatis.generator.internal.db.DatabaseIntrospector.getColumns:563 --> Found column "shop_name", data type 12, in table "yami_shop..tz_shop_detail"
[DEBUG] [11:02:07.650] [JavaFX Application Thread] [] org.mybatis.generator.internal.db.DatabaseIntrospector.getColumns:563 --> Found column "user_id", data type 12, in table "yami_shop..tz_shop_detail"
[DEBUG] [11:02:07.650] [JavaFX Application Thread] [] org.mybatis.generator.internal.db.DatabaseIntrospector.getColumns:563 --> Found column "shop_type", data type -6, in table "yami_shop..tz_shop_detail"
[DEBUG] [11:02:07.650] [JavaFX Application Thread] [] org.mybatis.generator.internal.db.DatabaseIntrospector.getColumns:563 --> Found column "intro", data type 12, in table "yami_shop..tz_shop_detail"
[DEBUG] [11:02:07.650] [JavaFX Application Thread] [] org.mybatis.generator.internal.db.DatabaseIntrospector.getColumns:563 --> Found column "shop_notice", data type 12, in table "yami_shop..tz_shop_detail"
[DEBUG] [11:02:07.651] [JavaFX Application Thread] [] org.mybatis.generator.internal.db.DatabaseIntrospector.getColumns:563 --> Found column "shop_industry", data type -6, in table "yami_shop..tz_shop_detail"
[DEBUG] [11:02:07.651] [JavaFX Application Thread] [] org.mybatis.generator.internal.db.DatabaseIntrospector.getColumns:563 --> Found column "shop_owner", data type 12, in table "yami_shop..tz_shop_detail"
[DEBUG] [11:02:07.664] [JavaFX Application Thread] [] org.mybatis.generator.internal.db.DatabaseIntrospector.getColumns:563 --> Found column "mobile", data type 12, in table "yami_shop..tz_shop_detail"
[DEBUG] [11:02:07.665] [JavaFX Application Thread] [] org.mybatis.generator.internal.db.DatabaseIntrospector.getColumns:563 --> Found column "tel", data type 12, in table "yami_shop..tz_shop_detail"
[DEBUG] [11:02:07.666] [JavaFX Application Thread] [] org.mybatis.generator.internal.db.DatabaseIntrospector.getColumns:563 --> Found column "shop_lat", data type 12, in table "yami_shop..tz_shop_detail"
[DEBUG] [11:02:07.666] [JavaFX Application Thread] [] org.mybatis.generator.internal.db.DatabaseIntrospector.getColumns:563 --> Found column "shop_lng", data type 12, in table "yami_shop..tz_shop_detail"
[DEBUG] [11:02:07.666] [JavaFX Application Thread] [] org.mybatis.generator.internal.db.DatabaseIntrospector.getColumns:563 --> Found column "shop_address", data type 12, in table "yami_shop..tz_shop_detail"
[DEBUG] [11:02:07.666] [JavaFX Application Thread] [] org.mybatis.generator.internal.db.DatabaseIntrospector.getColumns:563 --> Found column "province", data type 12, in table "yami_shop..tz_shop_detail"
[DEBUG] [11:02:07.667] [JavaFX Application Thread] [] org.mybatis.generator.internal.db.DatabaseIntrospector.getColumns:563 --> Found column "city", data type 12, in table "yami_shop..tz_shop_detail"
[DEBUG] [11:02:07.667] [JavaFX Application Thread] [] org.mybatis.generator.internal.db.DatabaseIntrospector.getColumns:563 --> Found column "area", data type 12, in table "yami_shop..tz_shop_detail"
[DEBUG] [11:02:07.667] [JavaFX Application Thread] [] org.mybatis.generator.internal.db.DatabaseIntrospector.getColumns:563 --> Found column "pca_code", data type 12, in table "yami_shop..tz_shop_detail"
[DEBUG] [11:02:07.667] [JavaFX Application Thread] [] org.mybatis.generator.internal.db.DatabaseIntrospector.getColumns:563 --> Found column "shop_logo", data type 12, in table "yami_shop..tz_shop_detail"
[DEBUG] [11:02:07.667] [JavaFX Application Thread] [] org.mybatis.generator.internal.db.DatabaseIntrospector.getColumns:563 --> Found column "shop_photos", data type 12, in table "yami_shop..tz_shop_detail"
[DEBUG] [11:02:07.668] [JavaFX Application Thread] [] org.mybatis.generator.internal.db.DatabaseIntrospector.getColumns:563 --> Found column "open_time", data type 12, in table "yami_shop..tz_shop_detail"
[DEBUG] [11:02:07.668] [JavaFX Application Thread] [] org.mybatis.generator.internal.db.DatabaseIntrospector.getColumns:563 --> Found column "shop_status", data type -6, in table "yami_shop..tz_shop_detail"
[DEBUG] [11:02:07.668] [JavaFX Application Thread] [] org.mybatis.generator.internal.db.DatabaseIntrospector.getColumns:563 --> Found column "transport_type", data type -6, in table "yami_shop..tz_shop_detail"
[DEBUG] [11:02:07.669] [JavaFX Application Thread] [] org.mybatis.generator.internal.db.DatabaseIntrospector.getColumns:563 --> Found column "fixed_freight", data type 3, in table "yami_shop..tz_shop_detail"
[DEBUG] [11:02:07.669] [JavaFX Application Thread] [] org.mybatis.generator.internal.db.DatabaseIntrospector.getColumns:563 --> Found column "full_free_shipping", data type 3, in table "yami_shop..tz_shop_detail"
[DEBUG] [11:02:07.669] [JavaFX Application Thread] [] org.mybatis.generator.internal.db.DatabaseIntrospector.getColumns:563 --> Found column "create_time", data type 93, in table "yami_shop..tz_shop_detail"
[DEBUG] [11:02:07.670] [JavaFX Application Thread] [] org.mybatis.generator.internal.db.DatabaseIntrospector.getColumns:563 --> Found column "update_time", data type 93, in table "yami_shop..tz_shop_detail"
[DEBUG] [11:02:07.670] [JavaFX Application Thread] [] org.mybatis.generator.internal.db.DatabaseIntrospector.getColumns:563 --> Found column "is_distribution", data type -6, in table "yami_shop..tz_shop_detail"
[INFO] [11:24:25.001] [JavaFX Application Thread] [] com.zzg.mybatis.generator.util.ConfigHelper.findConnectorLibPath:215 --> jar resource: jar:file:/D:/mybatis-start/mybatis-generator-gui.jar!/logback.xml
[INFO] [11:24:25.002] [JavaFX Application Thread] [] com.zzg.mybatis.generator.bridge.MybatisGeneratorBridge.generate:66 --> connectorLibPath: D:\mybatis-start\lib\mysql-connector-java-5.1.38.jar
[INFO] [11:24:25.003] [JavaFX Application Thread] [] com.zzg.mybatis.generator.util.DbUtil.getConnectionUrlWithSchema:214 --> getConnectionUrlWithSchema, connection url: jdbc:mysql://localhost:3306/yami_shop?useUnicode=true&useSSL=false&characterEncoding=utf8
[DEBUG] [11:24:25.192] [JavaFX Application Thread] [] org.mybatis.generator.internal.db.DatabaseIntrospector.getColumns:506 --> Retrieving column information for table "yami_shop.sys_dict_type"
[DEBUG] [11:24:25.212] [JavaFX Application Thread] [] org.mybatis.generator.internal.db.DatabaseIntrospector.getColumns:563 --> Found column "dict_id", data type -5, in table "yami_shop..sys_dict_type"
[DEBUG] [11:24:25.212] [JavaFX Application Thread] [] org.mybatis.generator.internal.db.DatabaseIntrospector.getColumns:563 --> Found column "dict_name", data type 12, in table "yami_shop..sys_dict_type"
[DEBUG] [11:24:25.212] [JavaFX Application Thread] [] org.mybatis.generator.internal.db.DatabaseIntrospector.getColumns:563 --> Found column "dict_type", data type 12, in table "yami_shop..sys_dict_type"
[DEBUG] [11:24:25.213] [JavaFX Application Thread] [] org.mybatis.generator.internal.db.DatabaseIntrospector.getColumns:563 --> Found column "status", data type 1, in table "yami_shop..sys_dict_type"
[DEBUG] [11:24:25.213] [JavaFX Application Thread] [] org.mybatis.generator.internal.db.DatabaseIntrospector.getColumns:563 --> Found column "create_by", data type 12, in table "yami_shop..sys_dict_type"
[DEBUG] [11:24:25.213] [JavaFX Application Thread] [] org.mybatis.generator.internal.db.DatabaseIntrospector.getColumns:563 --> Found column "create_time", data type 93, in table "yami_shop..sys_dict_type"
[DEBUG] [11:24:25.213] [JavaFX Application Thread] [] org.mybatis.generator.internal.db.DatabaseIntrospector.getColumns:563 --> Found column "update_by", data type 12, in table "yami_shop..sys_dict_type"
[DEBUG] [11:24:25.214] [JavaFX Application Thread] [] org.mybatis.generator.internal.db.DatabaseIntrospector.getColumns:563 --> Found column "update_time", data type 93, in table "yami_shop..sys_dict_type"
[DEBUG] [11:24:25.214] [JavaFX Application Thread] [] org.mybatis.generator.internal.db.DatabaseIntrospector.getColumns:563 --> Found column "remark", data type 12, in table "yami_shop..sys_dict_type"
[INFO] [11:24:31.839] [JavaFX Application Thread] [] com.zzg.mybatis.generator.util.ConfigHelper.findConnectorLibPath:215 --> jar resource: jar:file:/D:/mybatis-start/mybatis-generator-gui.jar!/logback.xml
[INFO] [11:24:31.840] [JavaFX Application Thread] [] com.zzg.mybatis.generator.bridge.MybatisGeneratorBridge.generate:66 --> connectorLibPath: D:\mybatis-start\lib\mysql-connector-java-5.1.38.jar
[INFO] [11:24:31.840] [JavaFX Application Thread] [] com.zzg.mybatis.generator.util.DbUtil.getConnectionUrlWithSchema:214 --> getConnectionUrlWithSchema, connection url: jdbc:mysql://localhost:3306/yami_shop?useUnicode=true&useSSL=false&characterEncoding=utf8
[DEBUG] [11:24:32.267] [JavaFX Application Thread] [] org.mybatis.generator.internal.db.DatabaseIntrospector.getColumns:506 --> Retrieving column information for table "yami_shop.sys_dict_data"
[DEBUG] [11:24:32.308] [JavaFX Application Thread] [] org.mybatis.generator.internal.db.DatabaseIntrospector.getColumns:563 --> Found column "dict_code", data type -5, in table "yami_shop..sys_dict_data"
[DEBUG] [11:24:32.309] [JavaFX Application Thread] [] org.mybatis.generator.internal.db.DatabaseIntrospector.getColumns:563 --> Found column "dict_sort", data type 4, in table "yami_shop..sys_dict_data"
[DEBUG] [11:24:32.310] [JavaFX Application Thread] [] org.mybatis.generator.internal.db.DatabaseIntrospector.getColumns:563 --> Found column "dict_label", data type 12, in table "yami_shop..sys_dict_data"
[DEBUG] [11:24:32.331] [JavaFX Application Thread] [] org.mybatis.generator.internal.db.DatabaseIntrospector.getColumns:563 --> Found column "dict_value", data type 12, in table "yami_shop..sys_dict_data"
[DEBUG] [11:24:32.331] [JavaFX Application Thread] [] org.mybatis.generator.internal.db.DatabaseIntrospector.getColumns:563 --> Found column "dict_type", data type 12, in table "yami_shop..sys_dict_data"
[DEBUG] [11:24:32.331] [JavaFX Application Thread] [] org.mybatis.generator.internal.db.DatabaseIntrospector.getColumns:563 --> Found column "css_class", data type 12, in table "yami_shop..sys_dict_data"
[DEBUG] [11:24:32.332] [JavaFX Application Thread] [] org.mybatis.generator.internal.db.DatabaseIntrospector.getColumns:563 --> Found column "list_class", data type 12, in table "yami_shop..sys_dict_data"
[DEBUG] [11:24:32.332] [JavaFX Application Thread] [] org.mybatis.generator.internal.db.DatabaseIntrospector.getColumns:563 --> Found column "is_default", data type 1, in table "yami_shop..sys_dict_data"
[DEBUG] [11:24:32.332] [JavaFX Application Thread] [] org.mybatis.generator.internal.db.DatabaseIntrospector.getColumns:563 --> Found column "status", data type 1, in table "yami_shop..sys_dict_data"
[DEBUG] [11:24:32.332] [JavaFX Application Thread] [] org.mybatis.generator.internal.db.DatabaseIntrospector.getColumns:563 --> Found column "create_by", data type 12, in table "yami_shop..sys_dict_data"
[DEBUG] [11:24:32.333] [JavaFX Application Thread] [] org.mybatis.generator.internal.db.DatabaseIntrospector.getColumns:563 --> Found column "create_time", data type 93, in table "yami_shop..sys_dict_data"
[DEBUG] [11:24:32.333] [JavaFX Application Thread] [] org.mybatis.generator.internal.db.DatabaseIntrospector.getColumns:563 --> Found column "update_by", data type 12, in table "yami_shop..sys_dict_data"
[DEBUG] [11:24:32.333] [JavaFX Application Thread] [] org.mybatis.generator.internal.db.DatabaseIntrospector.getColumns:563 --> Found column "update_time", data type 93, in table "yami_shop..sys_dict_data"
[DEBUG] [11:24:32.333] [JavaFX Application Thread] [] org.mybatis.generator.internal.db.DatabaseIntrospector.getColumns:563 --> Found column "remark", data type 12, in table "yami_shop..sys_dict_data"
