[INFO] [19:50:13.569] [JavaFX Application Thread] [] com.zzg.mybatis.generator.util.ConnectionManager.getConnection:20 --> database FilePath :D:\mybatis-start\.\config\sqlite3.db
[INFO] [19:50:47.352] [JavaFX Application Thread] [] com.zzg.mybatis.generator.util.ConfigHelper.getAllJDBCDriverJarPaths:238 --> jar lib path: D:\mybatis-start\lib
[INFO] [19:50:47.352] [JavaFX Application Thread] [] com.zzg.mybatis.generator.util.ConfigHelper.getAllJDBCDriverJarPaths:242 --> jar file: D:\mybatis-start\lib\commons-beanutils-1.9.2.jar
[INFO] [19:50:47.353] [JavaFX Application Thread] [] com.zzg.mybatis.generator.util.ConfigHelper.getAllJDBCDriverJarPaths:242 --> jar file: D:\mybatis-start\lib\commons-collections-3.2.1.jar
[INFO] [19:50:47.353] [JavaFX Application Thread] [] com.zzg.mybatis.generator.util.ConfigHelper.getAllJDBCDriverJarPaths:242 --> jar file: D:\mybatis-start\lib\commons-io-2.5.jar
[INFO] [19:50:47.354] [JavaFX Application Thread] [] com.zzg.mybatis.generator.util.ConfigHelper.getAllJDBCDriverJarPaths:242 --> jar file: D:\mybatis-start\lib\commons-lang3-3.4.jar
[INFO] [19:50:47.354] [JavaFX Application Thread] [] com.zzg.mybatis.generator.util.ConfigHelper.getAllJDBCDriverJarPaths:242 --> jar file: D:\mybatis-start\lib\commons-logging-1.1.1.jar
[INFO] [19:50:47.354] [JavaFX Application Thread] [] com.zzg.mybatis.generator.util.ConfigHelper.getAllJDBCDriverJarPaths:242 --> jar file: D:\mybatis-start\lib\fastjson-1.2.7.jar
[INFO] [19:50:47.354] [JavaFX Application Thread] [] com.zzg.mybatis.generator.util.ConfigHelper.getAllJDBCDriverJarPaths:242 --> jar file: D:\mybatis-start\lib\hamcrest-core-1.3.jar
[INFO] [19:50:47.355] [JavaFX Application Thread] [] com.zzg.mybatis.generator.util.ConfigHelper.getAllJDBCDriverJarPaths:242 --> jar file: D:\mybatis-start\lib\jsch-0.1.54.jar
[INFO] [19:50:47.355] [JavaFX Application Thread] [] com.zzg.mybatis.generator.util.ConfigHelper.getAllJDBCDriverJarPaths:242 --> jar file: D:\mybatis-start\lib\junit-4.12.jar
[INFO] [19:50:47.355] [JavaFX Application Thread] [] com.zzg.mybatis.generator.util.ConfigHelper.getAllJDBCDriverJarPaths:242 --> jar file: D:\mybatis-start\lib\logback-classic-1.1.2.jar
[INFO] [19:50:47.355] [JavaFX Application Thread] [] com.zzg.mybatis.generator.util.ConfigHelper.getAllJDBCDriverJarPaths:242 --> jar file: D:\mybatis-start\lib\logback-core-1.1.2.jar
[INFO] [19:50:47.355] [JavaFX Application Thread] [] com.zzg.mybatis.generator.util.ConfigHelper.getAllJDBCDriverJarPaths:242 --> jar file: D:\mybatis-start\lib\mybatis-generator-core-1.3.6.jar
[INFO] [19:50:47.356] [JavaFX Application Thread] [] com.zzg.mybatis.generator.util.ConfigHelper.getAllJDBCDriverJarPaths:242 --> jar file: D:\mybatis-start\lib\mybatis-generator-lombok-plugin-1.0.jar
[INFO] [19:50:47.356] [JavaFX Application Thread] [] com.zzg.mybatis.generator.util.ConfigHelper.getAllJDBCDriverJarPaths:242 --> jar file: D:\mybatis-start\lib\mysql-connector-java-5.1.38.jar
[INFO] [19:50:47.356] [JavaFX Application Thread] [] com.zzg.mybatis.generator.util.ConfigHelper.getAllJDBCDriverJarPaths:242 --> jar file: D:\mybatis-start\lib\mysql-connector-java-8.0.11.jar
[INFO] [19:50:47.357] [JavaFX Application Thread] [] com.zzg.mybatis.generator.util.ConfigHelper.getAllJDBCDriverJarPaths:242 --> jar file: D:\mybatis-start\lib\ojdbc6.jar
[INFO] [19:50:47.357] [JavaFX Application Thread] [] com.zzg.mybatis.generator.util.ConfigHelper.getAllJDBCDriverJarPaths:242 --> jar file: D:\mybatis-start\lib\postgresql-9.4.1209.jar
[INFO] [19:50:47.357] [JavaFX Application Thread] [] com.zzg.mybatis.generator.util.ConfigHelper.getAllJDBCDriverJarPaths:242 --> jar file: D:\mybatis-start\lib\slf4j-api-1.7.25.jar
[INFO] [19:50:47.357] [JavaFX Application Thread] [] com.zzg.mybatis.generator.util.ConfigHelper.getAllJDBCDriverJarPaths:242 --> jar file: D:\mybatis-start\lib\sqlite-jdbc-3.19.3.jar
[INFO] [19:50:47.358] [JavaFX Application Thread] [] com.zzg.mybatis.generator.util.ConfigHelper.getAllJDBCDriverJarPaths:242 --> jar file: D:\mybatis-start\lib\sqlite-jdbc-3.8.11.2.jar
[INFO] [19:50:47.358] [JavaFX Application Thread] [] com.zzg.mybatis.generator.util.ConfigHelper.getAllJDBCDriverJarPaths:242 --> jar file: D:\mybatis-start\lib\sqljdbc4-4.0.jar
[INFO] [19:50:47.409] [JavaFX Application Thread] [] com.zzg.mybatis.generator.util.DbUtil.loadDbDriver:228 --> load driver class: com.mysql.cj.jdbc.Driver@3836e2a6
[INFO] [19:50:47.423] [JavaFX Application Thread] [] com.zzg.mybatis.generator.util.DbUtil.getConnectionUrlWithSchema:214 --> getConnectionUrlWithSchema, connection url: jdbc:mysql://127.0.0.1:3306/jyzx_competition?serverTimezone=UTC&useUnicode=true&useSSL=false&characterEncoding=utf8
[INFO] [19:50:47.753] [JavaFX Application Thread] [] com.zzg.mybatis.generator.util.DbUtil.getConnection:139 --> getConnection, connection url: com.mysql.cj.jdbc.ConnectionImpl@5b2a0ac8
[INFO] [19:50:49.302] [JavaFX Application Thread] [] com.zzg.mybatis.generator.util.ConnectionManager.getConnection:20 --> database FilePath :D:\mybatis-start\.\config\sqlite3.db
[INFO] [19:50:49.427] [JavaFX Application Thread] [] com.zzg.mybatis.generator.util.ConnectionManager.getConnection:20 --> database FilePath :D:\mybatis-start\.\config\sqlite3.db
[INFO] [19:50:51.262] [JavaFX Application Thread] [] com.zzg.mybatis.generator.util.DbUtil.getConnectionUrlWithSchema:214 --> getConnectionUrlWithSchema, connection url: jdbc:mysql://127.0.0.1:3306/jyzx_competition?serverTimezone=UTC&useUnicode=true&useSSL=false&characterEncoding=utf8
[INFO] [19:50:51.266] [JavaFX Application Thread] [] com.zzg.mybatis.generator.util.DbUtil.getConnection:139 --> getConnection, connection url: com.mysql.cj.jdbc.ConnectionImpl@6bd6ba07
[INFO] [19:52:32.229] [JavaFX Application Thread] [] com.zzg.mybatis.generator.util.ConfigHelper.findConnectorLibPath:215 --> jar resource: jar:file:/D:/mybatis-start/mybatis-generator-gui.jar!/logback.xml
[INFO] [19:52:32.230] [JavaFX Application Thread] [] com.zzg.mybatis.generator.bridge.MybatisGeneratorBridge.generate:66 --> connectorLibPath: D:\mybatis-start\lib\mysql-connector-java-8.0.11.jar
[INFO] [19:52:32.240] [JavaFX Application Thread] [] com.zzg.mybatis.generator.util.DbUtil.getConnectionUrlWithSchema:214 --> getConnectionUrlWithSchema, connection url: jdbc:mysql://127.0.0.1:3306/jyzx_competition?serverTimezone=UTC&useUnicode=true&useSSL=false&characterEncoding=utf8
[DEBUG] [19:52:32.365] [JavaFX Application Thread] [] org.mybatis.generator.logging.LogFactory.setImplementation:105 --> Logging initialized using 'org.mybatis.generator.logging.slf4j.Slf4jLoggingLogFactory@b81fd7d' adapter.
[DEBUG] [19:52:32.366] [JavaFX Application Thread] [] org.mybatis.generator.internal.db.DatabaseIntrospector.getColumns:506 --> Retrieving column information for table "jyzx_competition.base_employee"
[DEBUG] [19:52:32.421] [JavaFX Application Thread] [] org.mybatis.generator.internal.db.DatabaseIntrospector.getColumns:563 --> Found column "emp_id", data type 4, in table "jyzx_competition..base_employee"
[DEBUG] [19:52:32.421] [JavaFX Application Thread] [] org.mybatis.generator.internal.db.DatabaseIntrospector.getColumns:563 --> Found column "emp_name", data type 12, in table "jyzx_competition..base_employee"
[DEBUG] [19:52:32.423] [JavaFX Application Thread] [] org.mybatis.generator.internal.db.DatabaseIntrospector.getColumns:563 --> Found column "can_use", data type 1, in table "jyzx_competition..base_employee"
[DEBUG] [19:52:32.423] [JavaFX Application Thread] [] org.mybatis.generator.internal.db.DatabaseIntrospector.getColumns:563 --> Found column "id_card", data type 12, in table "jyzx_competition..base_employee"
[DEBUG] [19:52:32.424] [JavaFX Application Thread] [] org.mybatis.generator.internal.db.DatabaseIntrospector.getColumns:563 --> Found column "addr", data type 12, in table "jyzx_competition..base_employee"
[DEBUG] [19:52:32.424] [JavaFX Application Thread] [] org.mybatis.generator.internal.db.DatabaseIntrospector.getColumns:563 --> Found column "log_tel", data type 12, in table "jyzx_competition..base_employee"
[DEBUG] [19:52:32.424] [JavaFX Application Thread] [] org.mybatis.generator.internal.db.DatabaseIntrospector.getColumns:563 --> Found column "log_uid", data type 12, in table "jyzx_competition..base_employee"
[DEBUG] [19:52:32.424] [JavaFX Application Thread] [] org.mybatis.generator.internal.db.DatabaseIntrospector.getColumns:563 --> Found column "salt", data type 12, in table "jyzx_competition..base_employee"
[DEBUG] [19:52:32.425] [JavaFX Application Thread] [] org.mybatis.generator.internal.db.DatabaseIntrospector.getColumns:563 --> Found column "log_pwd", data type 12, in table "jyzx_competition..base_employee"
[DEBUG] [19:52:32.425] [JavaFX Application Thread] [] org.mybatis.generator.internal.db.DatabaseIntrospector.getColumns:563 --> Found column "dep_id", data type 4, in table "jyzx_competition..base_employee"
[DEBUG] [19:52:32.425] [JavaFX Application Thread] [] org.mybatis.generator.internal.db.DatabaseIntrospector.getColumns:563 --> Found column "dis_id", data type 4, in table "jyzx_competition..base_employee"
[DEBUG] [19:52:32.426] [JavaFX Application Thread] [] org.mybatis.generator.internal.db.DatabaseIntrospector.getColumns:563 --> Found column "lbv3_emp_id", data type 4, in table "jyzx_competition..base_employee"
[INFO] [19:53:09.024] [JavaFX Application Thread] [] com.zzg.mybatis.generator.util.ConfigHelper.findConnectorLibPath:215 --> jar resource: jar:file:/D:/mybatis-start/mybatis-generator-gui.jar!/logback.xml
[INFO] [19:53:09.025] [JavaFX Application Thread] [] com.zzg.mybatis.generator.bridge.MybatisGeneratorBridge.generate:66 --> connectorLibPath: D:\mybatis-start\lib\mysql-connector-java-8.0.11.jar
[INFO] [19:53:09.028] [JavaFX Application Thread] [] com.zzg.mybatis.generator.util.DbUtil.getConnectionUrlWithSchema:214 --> getConnectionUrlWithSchema, connection url: jdbc:mysql://127.0.0.1:3306/jyzx_competition?serverTimezone=UTC&useUnicode=true&useSSL=false&characterEncoding=utf8
[DEBUG] [19:53:09.137] [JavaFX Application Thread] [] org.mybatis.generator.internal.db.DatabaseIntrospector.getColumns:506 --> Retrieving column information for table "jyzx_competition.sys_role"
[DEBUG] [19:53:09.157] [JavaFX Application Thread] [] org.mybatis.generator.internal.db.DatabaseIntrospector.getColumns:563 --> Found column "id", data type -5, in table "jyzx_competition..sys_role"
[DEBUG] [19:53:09.157] [JavaFX Application Thread] [] org.mybatis.generator.internal.db.DatabaseIntrospector.getColumns:563 --> Found column "name", data type 12, in table "jyzx_competition..sys_role"
[DEBUG] [19:53:09.157] [JavaFX Application Thread] [] org.mybatis.generator.internal.db.DatabaseIntrospector.getColumns:563 --> Found column "perms", data type 12, in table "jyzx_competition..sys_role"
[DEBUG] [19:53:09.158] [JavaFX Application Thread] [] org.mybatis.generator.internal.db.DatabaseIntrospector.getColumns:563 --> Found column "sorts", data type 4, in table "jyzx_competition..sys_role"
[DEBUG] [19:53:09.159] [JavaFX Application Thread] [] org.mybatis.generator.internal.db.DatabaseIntrospector.getColumns:563 --> Found column "status", data type 4, in table "jyzx_competition..sys_role"
[DEBUG] [19:53:09.159] [JavaFX Application Thread] [] org.mybatis.generator.internal.db.DatabaseIntrospector.getColumns:563 --> Found column "create_by", data type 12, in table "jyzx_competition..sys_role"
[DEBUG] [19:53:09.159] [JavaFX Application Thread] [] org.mybatis.generator.internal.db.DatabaseIntrospector.getColumns:563 --> Found column "create_time", data type 93, in table "jyzx_competition..sys_role"
[DEBUG] [19:53:09.160] [JavaFX Application Thread] [] org.mybatis.generator.internal.db.DatabaseIntrospector.getColumns:563 --> Found column "update_by", data type 12, in table "jyzx_competition..sys_role"
[DEBUG] [19:53:09.160] [JavaFX Application Thread] [] org.mybatis.generator.internal.db.DatabaseIntrospector.getColumns:563 --> Found column "update_time", data type 93, in table "jyzx_competition..sys_role"
[INFO] [19:53:23.438] [JavaFX Application Thread] [] com.zzg.mybatis.generator.util.ConfigHelper.findConnectorLibPath:215 --> jar resource: jar:file:/D:/mybatis-start/mybatis-generator-gui.jar!/logback.xml
[INFO] [19:53:23.439] [JavaFX Application Thread] [] com.zzg.mybatis.generator.bridge.MybatisGeneratorBridge.generate:66 --> connectorLibPath: D:\mybatis-start\lib\mysql-connector-java-8.0.11.jar
[INFO] [19:53:23.440] [JavaFX Application Thread] [] com.zzg.mybatis.generator.util.DbUtil.getConnectionUrlWithSchema:214 --> getConnectionUrlWithSchema, connection url: jdbc:mysql://127.0.0.1:3306/jyzx_competition?serverTimezone=UTC&useUnicode=true&useSSL=false&characterEncoding=utf8
[DEBUG] [19:53:23.515] [JavaFX Application Thread] [] org.mybatis.generator.internal.db.DatabaseIntrospector.getColumns:506 --> Retrieving column information for table "jyzx_competition.sys_role"
[DEBUG] [19:53:23.537] [JavaFX Application Thread] [] org.mybatis.generator.internal.db.DatabaseIntrospector.getColumns:563 --> Found column "id", data type -5, in table "jyzx_competition..sys_role"
[DEBUG] [19:53:23.537] [JavaFX Application Thread] [] org.mybatis.generator.internal.db.DatabaseIntrospector.getColumns:563 --> Found column "name", data type 12, in table "jyzx_competition..sys_role"
[DEBUG] [19:53:23.537] [JavaFX Application Thread] [] org.mybatis.generator.internal.db.DatabaseIntrospector.getColumns:563 --> Found column "perms", data type 12, in table "jyzx_competition..sys_role"
[DEBUG] [19:53:23.538] [JavaFX Application Thread] [] org.mybatis.generator.internal.db.DatabaseIntrospector.getColumns:563 --> Found column "sorts", data type 4, in table "jyzx_competition..sys_role"
[DEBUG] [19:53:23.538] [JavaFX Application Thread] [] org.mybatis.generator.internal.db.DatabaseIntrospector.getColumns:563 --> Found column "status", data type 4, in table "jyzx_competition..sys_role"
[DEBUG] [19:53:23.538] [JavaFX Application Thread] [] org.mybatis.generator.internal.db.DatabaseIntrospector.getColumns:563 --> Found column "create_by", data type 12, in table "jyzx_competition..sys_role"
[DEBUG] [19:53:23.538] [JavaFX Application Thread] [] org.mybatis.generator.internal.db.DatabaseIntrospector.getColumns:563 --> Found column "create_time", data type 93, in table "jyzx_competition..sys_role"
[DEBUG] [19:53:23.539] [JavaFX Application Thread] [] org.mybatis.generator.internal.db.DatabaseIntrospector.getColumns:563 --> Found column "update_by", data type 12, in table "jyzx_competition..sys_role"
[DEBUG] [19:53:23.539] [JavaFX Application Thread] [] org.mybatis.generator.internal.db.DatabaseIntrospector.getColumns:563 --> Found column "update_time", data type 93, in table "jyzx_competition..sys_role"
[INFO] [19:53:34.655] [JavaFX Application Thread] [] com.zzg.mybatis.generator.util.ConfigHelper.findConnectorLibPath:215 --> jar resource: jar:file:/D:/mybatis-start/mybatis-generator-gui.jar!/logback.xml
[INFO] [19:53:34.656] [JavaFX Application Thread] [] com.zzg.mybatis.generator.bridge.MybatisGeneratorBridge.generate:66 --> connectorLibPath: D:\mybatis-start\lib\mysql-connector-java-8.0.11.jar
[INFO] [19:53:34.657] [JavaFX Application Thread] [] com.zzg.mybatis.generator.util.DbUtil.getConnectionUrlWithSchema:214 --> getConnectionUrlWithSchema, connection url: jdbc:mysql://127.0.0.1:3306/jyzx_competition?serverTimezone=UTC&useUnicode=true&useSSL=false&characterEncoding=utf8
[DEBUG] [19:53:34.723] [JavaFX Application Thread] [] org.mybatis.generator.internal.db.DatabaseIntrospector.getColumns:506 --> Retrieving column information for table "jyzx_competition.sys_menu"
[DEBUG] [19:53:34.743] [JavaFX Application Thread] [] org.mybatis.generator.internal.db.DatabaseIntrospector.getColumns:563 --> Found column "id", data type -5, in table "jyzx_competition..sys_menu"
[DEBUG] [19:53:34.745] [JavaFX Application Thread] [] org.mybatis.generator.internal.db.DatabaseIntrospector.getColumns:563 --> Found column "name", data type 12, in table "jyzx_competition..sys_menu"
[DEBUG] [19:53:34.745] [JavaFX Application Thread] [] org.mybatis.generator.internal.db.DatabaseIntrospector.getColumns:563 --> Found column "parent_id", data type -5, in table "jyzx_competition..sys_menu"
[DEBUG] [19:53:34.745] [JavaFX Application Thread] [] org.mybatis.generator.internal.db.DatabaseIntrospector.getColumns:563 --> Found column "order_num", data type 4, in table "jyzx_competition..sys_menu"
[DEBUG] [19:53:34.746] [JavaFX Application Thread] [] org.mybatis.generator.internal.db.DatabaseIntrospector.getColumns:563 --> Found column "url", data type 12, in table "jyzx_competition..sys_menu"
[DEBUG] [19:53:34.746] [JavaFX Application Thread] [] org.mybatis.generator.internal.db.DatabaseIntrospector.getColumns:563 --> Found column "target", data type 12, in table "jyzx_competition..sys_menu"
[DEBUG] [19:53:34.746] [JavaFX Application Thread] [] org.mybatis.generator.internal.db.DatabaseIntrospector.getColumns:563 --> Found column "menu_type", data type 1, in table "jyzx_competition..sys_menu"
[DEBUG] [19:53:34.747] [JavaFX Application Thread] [] org.mybatis.generator.internal.db.DatabaseIntrospector.getColumns:563 --> Found column "visible", data type 1, in table "jyzx_competition..sys_menu"
[DEBUG] [19:53:34.747] [JavaFX Application Thread] [] org.mybatis.generator.internal.db.DatabaseIntrospector.getColumns:563 --> Found column "is_refresh", data type 1, in table "jyzx_competition..sys_menu"
[DEBUG] [19:53:34.747] [JavaFX Application Thread] [] org.mybatis.generator.internal.db.DatabaseIntrospector.getColumns:563 --> Found column "perms", data type 12, in table "jyzx_competition..sys_menu"
[DEBUG] [19:53:34.748] [JavaFX Application Thread] [] org.mybatis.generator.internal.db.DatabaseIntrospector.getColumns:563 --> Found column "icon", data type 12, in table "jyzx_competition..sys_menu"
[DEBUG] [19:53:34.748] [JavaFX Application Thread] [] org.mybatis.generator.internal.db.DatabaseIntrospector.getColumns:563 --> Found column "create_by", data type 12, in table "jyzx_competition..sys_menu"
[DEBUG] [19:53:34.748] [JavaFX Application Thread] [] org.mybatis.generator.internal.db.DatabaseIntrospector.getColumns:563 --> Found column "create_time", data type 93, in table "jyzx_competition..sys_menu"
[DEBUG] [19:53:34.748] [JavaFX Application Thread] [] org.mybatis.generator.internal.db.DatabaseIntrospector.getColumns:563 --> Found column "update_by", data type 12, in table "jyzx_competition..sys_menu"
[DEBUG] [19:53:34.749] [JavaFX Application Thread] [] org.mybatis.generator.internal.db.DatabaseIntrospector.getColumns:563 --> Found column "update_time", data type 93, in table "jyzx_competition..sys_menu"
[INFO] [19:53:54.607] [JavaFX Application Thread] [] com.zzg.mybatis.generator.util.ConfigHelper.findConnectorLibPath:215 --> jar resource: jar:file:/D:/mybatis-start/mybatis-generator-gui.jar!/logback.xml
[INFO] [19:53:54.608] [JavaFX Application Thread] [] com.zzg.mybatis.generator.bridge.MybatisGeneratorBridge.generate:66 --> connectorLibPath: D:\mybatis-start\lib\mysql-connector-java-8.0.11.jar
[INFO] [19:53:54.609] [JavaFX Application Thread] [] com.zzg.mybatis.generator.util.DbUtil.getConnectionUrlWithSchema:214 --> getConnectionUrlWithSchema, connection url: jdbc:mysql://127.0.0.1:3306/jyzx_competition?serverTimezone=UTC&useUnicode=true&useSSL=false&characterEncoding=utf8
[DEBUG] [19:53:54.675] [JavaFX Application Thread] [] org.mybatis.generator.internal.db.DatabaseIntrospector.getColumns:506 --> Retrieving column information for table "jyzx_competition.user_company_auction_key"
[DEBUG] [19:53:54.696] [JavaFX Application Thread] [] org.mybatis.generator.internal.db.DatabaseIntrospector.getColumns:563 --> Found column "id", data type 4, in table "jyzx_competition..user_company_auction_key"
[DEBUG] [19:53:54.696] [JavaFX Application Thread] [] org.mybatis.generator.internal.db.DatabaseIntrospector.getColumns:563 --> Found column "comp_id", data type 4, in table "jyzx_competition..user_company_auction_key"
[DEBUG] [19:53:54.696] [JavaFX Application Thread] [] org.mybatis.generator.internal.db.DatabaseIntrospector.getColumns:563 --> Found column "login_uid", data type 12, in table "jyzx_competition..user_company_auction_key"
[DEBUG] [19:53:54.697] [JavaFX Application Thread] [] org.mybatis.generator.internal.db.DatabaseIntrospector.getColumns:563 --> Found column "login_pwd", data type -1, in table "jyzx_competition..user_company_auction_key"
[DEBUG] [19:53:54.697] [JavaFX Application Thread] [] org.mybatis.generator.internal.db.DatabaseIntrospector.getColumns:563 --> Found column "login_salt", data type 12, in table "jyzx_competition..user_company_auction_key"
[DEBUG] [19:53:54.697] [JavaFX Application Thread] [] org.mybatis.generator.internal.db.DatabaseIntrospector.getColumns:563 --> Found column "is_valid", data type -7, in table "jyzx_competition..user_company_auction_key"
[DEBUG] [19:53:54.697] [JavaFX Application Thread] [] org.mybatis.generator.internal.db.DatabaseIntrospector.getColumns:563 --> Found column "login_time", data type 93, in table "jyzx_competition..user_company_auction_key"
[INFO] [19:59:40.632] [JavaFX Application Thread] [] com.zzg.mybatis.generator.util.ConfigHelper.findConnectorLibPath:215 --> jar resource: jar:file:/D:/mybatis-start/mybatis-generator-gui.jar!/logback.xml
[INFO] [19:59:40.633] [JavaFX Application Thread] [] com.zzg.mybatis.generator.bridge.MybatisGeneratorBridge.generate:66 --> connectorLibPath: D:\mybatis-start\lib\mysql-connector-java-8.0.11.jar
[INFO] [19:59:40.634] [JavaFX Application Thread] [] com.zzg.mybatis.generator.util.DbUtil.getConnectionUrlWithSchema:214 --> getConnectionUrlWithSchema, connection url: jdbc:mysql://127.0.0.1:3306/jyzx_competition?serverTimezone=UTC&useUnicode=true&useSSL=false&characterEncoding=utf8
[DEBUG] [19:59:40.699] [JavaFX Application Thread] [] org.mybatis.generator.internal.db.DatabaseIntrospector.getColumns:506 --> Retrieving column information for table "jyzx_competition.user_company_auction"
[DEBUG] [19:59:40.719] [JavaFX Application Thread] [] org.mybatis.generator.internal.db.DatabaseIntrospector.getColumns:563 --> Found column "comp_id", data type 4, in table "jyzx_competition..user_company_auction"
[DEBUG] [19:59:40.720] [JavaFX Application Thread] [] org.mybatis.generator.internal.db.DatabaseIntrospector.getColumns:563 --> Found column "comp_type", data type -7, in table "jyzx_competition..user_company_auction"
[DEBUG] [19:59:40.720] [JavaFX Application Thread] [] org.mybatis.generator.internal.db.DatabaseIntrospector.getColumns:563 --> Found column "comp_name", data type 12, in table "jyzx_competition..user_company_auction"
[DEBUG] [19:59:40.720] [JavaFX Application Thread] [] org.mybatis.generator.internal.db.DatabaseIntrospector.getColumns:563 --> Found column "login_uid", data type 12, in table "jyzx_competition..user_company_auction"
[DEBUG] [19:59:40.721] [JavaFX Application Thread] [] org.mybatis.generator.internal.db.DatabaseIntrospector.getColumns:563 --> Found column "district_code", data type 12, in table "jyzx_competition..user_company_auction"
[DEBUG] [19:59:40.721] [JavaFX Application Thread] [] org.mybatis.generator.internal.db.DatabaseIntrospector.getColumns:563 --> Found column "comp_address", data type 12, in table "jyzx_competition..user_company_auction"
[DEBUG] [19:59:40.721] [JavaFX Application Thread] [] org.mybatis.generator.internal.db.DatabaseIntrospector.getColumns:563 --> Found column "gave_address", data type 12, in table "jyzx_competition..user_company_auction"
[DEBUG] [19:59:40.722] [JavaFX Application Thread] [] org.mybatis.generator.internal.db.DatabaseIntrospector.getColumns:563 --> Found column "account_name", data type 12, in table "jyzx_competition..user_company_auction"
[DEBUG] [19:59:40.722] [JavaFX Application Thread] [] org.mybatis.generator.internal.db.DatabaseIntrospector.getColumns:563 --> Found column "account_no", data type 12, in table "jyzx_competition..user_company_auction"
[DEBUG] [19:59:40.723] [JavaFX Application Thread] [] org.mybatis.generator.internal.db.DatabaseIntrospector.getColumns:563 --> Found column "bank_name", data type 12, in table "jyzx_competition..user_company_auction"
[DEBUG] [19:59:40.724] [JavaFX Application Thread] [] org.mybatis.generator.internal.db.DatabaseIntrospector.getColumns:563 --> Found column "bank_no", data type 12, in table "jyzx_competition..user_company_auction"
[DEBUG] [19:59:40.724] [JavaFX Application Thread] [] org.mybatis.generator.internal.db.DatabaseIntrospector.getColumns:563 --> Found column "bank_info", data type 12, in table "jyzx_competition..user_company_auction"
[DEBUG] [19:59:40.725] [JavaFX Application Thread] [] org.mybatis.generator.internal.db.DatabaseIntrospector.getColumns:563 --> Found column "audit_access", data type -7, in table "jyzx_competition..user_company_auction"
[DEBUG] [19:59:40.725] [JavaFX Application Thread] [] org.mybatis.generator.internal.db.DatabaseIntrospector.getColumns:563 --> Found column "card_type", data type 12, in table "jyzx_competition..user_company_auction"
[DEBUG] [19:59:40.725] [JavaFX Application Thread] [] org.mybatis.generator.internal.db.DatabaseIntrospector.getColumns:563 --> Found column "card_no", data type 12, in table "jyzx_competition..user_company_auction"
[DEBUG] [19:59:40.726] [JavaFX Application Thread] [] org.mybatis.generator.internal.db.DatabaseIntrospector.getColumns:563 --> Found column "tel", data type 12, in table "jyzx_competition..user_company_auction"
[DEBUG] [19:59:40.726] [JavaFX Application Thread] [] org.mybatis.generator.internal.db.DatabaseIntrospector.getColumns:563 --> Found column "social_credit_code", data type 12, in table "jyzx_competition..user_company_auction"
[DEBUG] [19:59:40.726] [JavaFX Application Thread] [] org.mybatis.generator.internal.db.DatabaseIntrospector.getColumns:563 --> Found column "legal_person", data type 12, in table "jyzx_competition..user_company_auction"
[DEBUG] [19:59:40.726] [JavaFX Application Thread] [] org.mybatis.generator.internal.db.DatabaseIntrospector.getColumns:563 --> Found column "legal_person_id_card", data type 12, in table "jyzx_competition..user_company_auction"
[DEBUG] [19:59:40.727] [JavaFX Application Thread] [] org.mybatis.generator.internal.db.DatabaseIntrospector.getColumns:563 --> Found column "legal_person_tel", data type 12, in table "jyzx_competition..user_company_auction"
[DEBUG] [19:59:40.727] [JavaFX Application Thread] [] org.mybatis.generator.internal.db.DatabaseIntrospector.getColumns:563 --> Found column "contact_person", data type 12, in table "jyzx_competition..user_company_auction"
[DEBUG] [19:59:40.727] [JavaFX Application Thread] [] org.mybatis.generator.internal.db.DatabaseIntrospector.getColumns:563 --> Found column "contact_person_id_card", data type 12, in table "jyzx_competition..user_company_auction"
[DEBUG] [19:59:40.728] [JavaFX Application Thread] [] org.mybatis.generator.internal.db.DatabaseIntrospector.getColumns:563 --> Found column "contact_person_tel", data type 12, in table "jyzx_competition..user_company_auction"
[DEBUG] [19:59:40.728] [JavaFX Application Thread] [] org.mybatis.generator.internal.db.DatabaseIntrospector.getColumns:563 --> Found column "regist_fund", data type 12, in table "jyzx_competition..user_company_auction"
[DEBUG] [19:59:40.728] [JavaFX Application Thread] [] org.mybatis.generator.internal.db.DatabaseIntrospector.getColumns:563 --> Found column "usable_number", data type 4, in table "jyzx_competition..user_company_auction"
[DEBUG] [19:59:40.728] [JavaFX Application Thread] [] org.mybatis.generator.internal.db.DatabaseIntrospector.getColumns:563 --> Found column "in_time", data type 93, in table "jyzx_competition..user_company_auction"
[DEBUG] [19:59:40.728] [JavaFX Application Thread] [] org.mybatis.generator.internal.db.DatabaseIntrospector.getColumns:563 --> Found column "up_time", data type 93, in table "jyzx_competition..user_company_auction"
[DEBUG] [19:59:40.729] [JavaFX Application Thread] [] org.mybatis.generator.internal.db.DatabaseIntrospector.getColumns:563 --> Found column "ip", data type 12, in table "jyzx_competition..user_company_auction"
[DEBUG] [19:59:40.729] [JavaFX Application Thread] [] org.mybatis.generator.internal.db.DatabaseIntrospector.getColumns:563 --> Found column "is_valid", data type 4, in table "jyzx_competition..user_company_auction"
