[INFO] [09:15:38.233] [JavaFX Application Thread] [] com.zzg.mybatis.generator.util.ConnectionManager.getConnection:20 --> database FilePath :D:\mybatis-start\.\config\sqlite3.db
[INFO] [09:15:52.590] [JavaFX Application Thread] [] com.zzg.mybatis.generator.util.ConfigHelper.getAllJDBCDriverJarPaths:238 --> jar lib path: D:\mybatis-start\lib
[INFO] [09:15:52.591] [JavaFX Application Thread] [] com.zzg.mybatis.generator.util.ConfigHelper.getAllJDBCDriverJarPaths:242 --> jar file: D:\mybatis-start\lib\commons-beanutils-1.9.2.jar
[INFO] [09:15:52.591] [JavaFX Application Thread] [] com.zzg.mybatis.generator.util.ConfigHelper.getAllJDBCDriverJarPaths:242 --> jar file: D:\mybatis-start\lib\commons-collections-3.2.1.jar
[INFO] [09:15:52.592] [JavaFX Application Thread] [] com.zzg.mybatis.generator.util.ConfigHelper.getAllJDBCDriverJarPaths:242 --> jar file: D:\mybatis-start\lib\commons-io-2.5.jar
[INFO] [09:15:52.592] [JavaFX Application Thread] [] com.zzg.mybatis.generator.util.ConfigHelper.getAllJDBCDriverJarPaths:242 --> jar file: D:\mybatis-start\lib\commons-lang3-3.4.jar
[INFO] [09:15:52.593] [JavaFX Application Thread] [] com.zzg.mybatis.generator.util.ConfigHelper.getAllJDBCDriverJarPaths:242 --> jar file: D:\mybatis-start\lib\commons-logging-1.1.1.jar
[INFO] [09:15:52.593] [JavaFX Application Thread] [] com.zzg.mybatis.generator.util.ConfigHelper.getAllJDBCDriverJarPaths:242 --> jar file: D:\mybatis-start\lib\fastjson-1.2.7.jar
[INFO] [09:15:52.593] [JavaFX Application Thread] [] com.zzg.mybatis.generator.util.ConfigHelper.getAllJDBCDriverJarPaths:242 --> jar file: D:\mybatis-start\lib\hamcrest-core-1.3.jar
[INFO] [09:15:52.593] [JavaFX Application Thread] [] com.zzg.mybatis.generator.util.ConfigHelper.getAllJDBCDriverJarPaths:242 --> jar file: D:\mybatis-start\lib\jsch-0.1.54.jar
[INFO] [09:15:52.594] [JavaFX Application Thread] [] com.zzg.mybatis.generator.util.ConfigHelper.getAllJDBCDriverJarPaths:242 --> jar file: D:\mybatis-start\lib\junit-4.12.jar
[INFO] [09:15:52.594] [JavaFX Application Thread] [] com.zzg.mybatis.generator.util.ConfigHelper.getAllJDBCDriverJarPaths:242 --> jar file: D:\mybatis-start\lib\logback-classic-1.1.2.jar
[INFO] [09:15:52.594] [JavaFX Application Thread] [] com.zzg.mybatis.generator.util.ConfigHelper.getAllJDBCDriverJarPaths:242 --> jar file: D:\mybatis-start\lib\logback-core-1.1.2.jar
[INFO] [09:15:52.594] [JavaFX Application Thread] [] com.zzg.mybatis.generator.util.ConfigHelper.getAllJDBCDriverJarPaths:242 --> jar file: D:\mybatis-start\lib\mybatis-generator-core-1.3.6.jar
[INFO] [09:15:52.595] [JavaFX Application Thread] [] com.zzg.mybatis.generator.util.ConfigHelper.getAllJDBCDriverJarPaths:242 --> jar file: D:\mybatis-start\lib\mybatis-generator-lombok-plugin-1.0.jar
[INFO] [09:15:52.596] [JavaFX Application Thread] [] com.zzg.mybatis.generator.util.ConfigHelper.getAllJDBCDriverJarPaths:242 --> jar file: D:\mybatis-start\lib\mysql-connector-java-5.1.38.jar
[INFO] [09:15:52.596] [JavaFX Application Thread] [] com.zzg.mybatis.generator.util.ConfigHelper.getAllJDBCDriverJarPaths:242 --> jar file: D:\mybatis-start\lib\mysql-connector-java-8.0.11.jar
[INFO] [09:15:52.597] [JavaFX Application Thread] [] com.zzg.mybatis.generator.util.ConfigHelper.getAllJDBCDriverJarPaths:242 --> jar file: D:\mybatis-start\lib\ojdbc6.jar
[INFO] [09:15:52.598] [JavaFX Application Thread] [] com.zzg.mybatis.generator.util.ConfigHelper.getAllJDBCDriverJarPaths:242 --> jar file: D:\mybatis-start\lib\postgresql-9.4.1209.jar
[INFO] [09:15:52.598] [JavaFX Application Thread] [] com.zzg.mybatis.generator.util.ConfigHelper.getAllJDBCDriverJarPaths:242 --> jar file: D:\mybatis-start\lib\slf4j-api-1.7.25.jar
[INFO] [09:15:52.598] [JavaFX Application Thread] [] com.zzg.mybatis.generator.util.ConfigHelper.getAllJDBCDriverJarPaths:242 --> jar file: D:\mybatis-start\lib\sqlite-jdbc-3.19.3.jar
[INFO] [09:15:52.598] [JavaFX Application Thread] [] com.zzg.mybatis.generator.util.ConfigHelper.getAllJDBCDriverJarPaths:242 --> jar file: D:\mybatis-start\lib\sqlite-jdbc-3.8.11.2.jar
[INFO] [09:15:52.599] [JavaFX Application Thread] [] com.zzg.mybatis.generator.util.ConfigHelper.getAllJDBCDriverJarPaths:242 --> jar file: D:\mybatis-start\lib\sqljdbc4-4.0.jar
[INFO] [09:15:52.627] [JavaFX Application Thread] [] com.zzg.mybatis.generator.util.DbUtil.loadDbDriver:228 --> load driver class: com.mysql.jdbc.Driver@457ad63
[INFO] [09:15:52.628] [JavaFX Application Thread] [] com.zzg.mybatis.generator.util.DbUtil.getConnectionUrlWithSchema:214 --> getConnectionUrlWithSchema, connection url: jdbc:mysql://192.168.25.180:3306/pmsdb?useUnicode=true&useSSL=false&characterEncoding=utf8
[INFO] [09:15:52.990] [JavaFX Application Thread] [] com.zzg.mybatis.generator.util.DbUtil.getConnection:139 --> getConnection, connection url: com.mysql.jdbc.JDBC4Connection@5b493987
[INFO] [09:15:54.594] [JavaFX Application Thread] [] com.zzg.mybatis.generator.util.ConnectionManager.getConnection:20 --> database FilePath :D:\mybatis-start\.\config\sqlite3.db
[INFO] [09:15:54.759] [JavaFX Application Thread] [] com.zzg.mybatis.generator.util.ConnectionManager.getConnection:20 --> database FilePath :D:\mybatis-start\.\config\sqlite3.db
[INFO] [09:15:55.780] [JavaFX Application Thread] [] com.zzg.mybatis.generator.util.DbUtil.getConnectionUrlWithSchema:214 --> getConnectionUrlWithSchema, connection url: jdbc:mysql://192.168.25.180:3306/pmsdb?useUnicode=true&useSSL=false&characterEncoding=utf8
[INFO] [09:15:55.788] [JavaFX Application Thread] [] com.zzg.mybatis.generator.util.DbUtil.getConnection:139 --> getConnection, connection url: com.mysql.jdbc.JDBC4Connection@3d374906
[INFO] [09:16:00.390] [JavaFX Application Thread] [] com.zzg.mybatis.generator.util.ConnectionManager.getConnection:20 --> database FilePath :D:\mybatis-start\.\config\sqlite3.db
[INFO] [09:16:00.391] [JavaFX Application Thread] [] com.zzg.mybatis.generator.util.ConfigHelper.loadGeneratorConfigs:182 --> sql: SELECT * FROM generator_config
[INFO] [09:16:02.043] [JavaFX Application Thread] [] com.zzg.mybatis.generator.util.ConnectionManager.getConnection:20 --> database FilePath :D:\mybatis-start\.\config\sqlite3.db
[INFO] [09:16:02.044] [JavaFX Application Thread] [] com.zzg.mybatis.generator.util.ConfigHelper.loadGeneratorConfig:159 --> sql: SELECT * FROM generator_config where name='test'
[INFO] [09:16:46.568] [JavaFX Application Thread] [] com.zzg.mybatis.generator.util.ConfigHelper.findConnectorLibPath:215 --> jar resource: jar:file:/D:/mybatis-start/mybatis-generator-gui.jar!/logback.xml
[INFO] [09:16:46.568] [JavaFX Application Thread] [] com.zzg.mybatis.generator.bridge.MybatisGeneratorBridge.generate:66 --> connectorLibPath: D:\mybatis-start\lib\mysql-connector-java-5.1.38.jar
[INFO] [09:16:46.579] [JavaFX Application Thread] [] com.zzg.mybatis.generator.util.DbUtil.getConnectionUrlWithSchema:214 --> getConnectionUrlWithSchema, connection url: jdbc:mysql://192.168.25.180:3306/pmsdb?useUnicode=true&useSSL=false&characterEncoding=utf8
[DEBUG] [09:16:46.759] [JavaFX Application Thread] [] org.mybatis.generator.logging.LogFactory.setImplementation:105 --> Logging initialized using 'org.mybatis.generator.logging.slf4j.Slf4jLoggingLogFactory@3e597b49' adapter.
[DEBUG] [09:16:46.761] [JavaFX Application Thread] [] org.mybatis.generator.internal.db.DatabaseIntrospector.getColumns:506 --> Retrieving column information for table "pmsdb.org_unit"
[DEBUG] [09:16:46.841] [JavaFX Application Thread] [] org.mybatis.generator.internal.db.DatabaseIntrospector.getColumns:563 --> Found column "ID", data type -5, in table "pmsdb..org_unit"
[DEBUG] [09:16:46.841] [JavaFX Application Thread] [] org.mybatis.generator.internal.db.DatabaseIntrospector.getColumns:563 --> Found column "NAME", data type 12, in table "pmsdb..org_unit"
[DEBUG] [09:16:46.843] [JavaFX Application Thread] [] org.mybatis.generator.internal.db.DatabaseIntrospector.getColumns:563 --> Found column "SECOND_NAME", data type 12, in table "pmsdb..org_unit"
[DEBUG] [09:16:46.849] [JavaFX Application Thread] [] org.mybatis.generator.internal.db.DatabaseIntrospector.getColumns:563 --> Found column "CODE", data type 12, in table "pmsdb..org_unit"
[DEBUG] [09:16:46.849] [JavaFX Application Thread] [] org.mybatis.generator.internal.db.DatabaseIntrospector.getColumns:563 --> Found column "SHORT_NAME", data type 12, in table "pmsdb..org_unit"
[DEBUG] [09:16:46.850] [JavaFX Application Thread] [] org.mybatis.generator.internal.db.DatabaseIntrospector.getColumns:563 --> Found column "TYPE", data type 12, in table "pmsdb..org_unit"
[DEBUG] [09:16:46.850] [JavaFX Application Thread] [] org.mybatis.generator.internal.db.DatabaseIntrospector.getColumns:563 --> Found column "IS_GROUP", data type 5, in table "pmsdb..org_unit"
[DEBUG] [09:16:46.851] [JavaFX Application Thread] [] org.mybatis.generator.internal.db.DatabaseIntrospector.getColumns:563 --> Found column "PATH", data type 12, in table "pmsdb..org_unit"
[DEBUG] [09:16:46.851] [JavaFX Application Thread] [] org.mybatis.generator.internal.db.DatabaseIntrospector.getColumns:563 --> Found column "IS_INTERNAL", data type 5, in table "pmsdb..org_unit"
[DEBUG] [09:16:46.851] [JavaFX Application Thread] [] org.mybatis.generator.internal.db.DatabaseIntrospector.getColumns:563 --> Found column "SORT_ID", data type 4, in table "pmsdb..org_unit"
[DEBUG] [09:16:46.852] [JavaFX Application Thread] [] org.mybatis.generator.internal.db.DatabaseIntrospector.getColumns:563 --> Found column "IS_ENABLE", data type 5, in table "pmsdb..org_unit"
[DEBUG] [09:16:46.852] [JavaFX Application Thread] [] org.mybatis.generator.internal.db.DatabaseIntrospector.getColumns:563 --> Found column "IS_DELETED", data type 5, in table "pmsdb..org_unit"
[DEBUG] [09:16:46.852] [JavaFX Application Thread] [] org.mybatis.generator.internal.db.DatabaseIntrospector.getColumns:563 --> Found column "STATUS", data type 5, in table "pmsdb..org_unit"
[DEBUG] [09:16:46.852] [JavaFX Application Thread] [] org.mybatis.generator.internal.db.DatabaseIntrospector.getColumns:563 --> Found column "LEVEL_SCOPE", data type 4, in table "pmsdb..org_unit"
[DEBUG] [09:16:46.853] [JavaFX Application Thread] [] org.mybatis.generator.internal.db.DatabaseIntrospector.getColumns:563 --> Found column "ORG_ACCOUNT_ID", data type -5, in table "pmsdb..org_unit"
[DEBUG] [09:16:46.853] [JavaFX Application Thread] [] org.mybatis.generator.internal.db.DatabaseIntrospector.getColumns:563 --> Found column "CREATE_TIME", data type 93, in table "pmsdb..org_unit"
[DEBUG] [09:16:46.853] [JavaFX Application Thread] [] org.mybatis.generator.internal.db.DatabaseIntrospector.getColumns:563 --> Found column "UPDATE_TIME", data type 93, in table "pmsdb..org_unit"
[DEBUG] [09:16:46.854] [JavaFX Application Thread] [] org.mybatis.generator.internal.db.DatabaseIntrospector.getColumns:563 --> Found column "DESCRIPTION", data type 12, in table "pmsdb..org_unit"
[DEBUG] [09:16:46.854] [JavaFX Application Thread] [] org.mybatis.generator.internal.db.DatabaseIntrospector.getColumns:563 --> Found column "EXT_ATTR_1", data type 12, in table "pmsdb..org_unit"
[DEBUG] [09:16:46.854] [JavaFX Application Thread] [] org.mybatis.generator.internal.db.DatabaseIntrospector.getColumns:563 --> Found column "EXT_ATTR_2", data type 12, in table "pmsdb..org_unit"
[DEBUG] [09:16:46.854] [JavaFX Application Thread] [] org.mybatis.generator.internal.db.DatabaseIntrospector.getColumns:563 --> Found column "EXT_ATTR_3", data type 12, in table "pmsdb..org_unit"
[DEBUG] [09:16:46.855] [JavaFX Application Thread] [] org.mybatis.generator.internal.db.DatabaseIntrospector.getColumns:563 --> Found column "EXT_ATTR_4", data type 12, in table "pmsdb..org_unit"
[DEBUG] [09:16:46.855] [JavaFX Application Thread] [] org.mybatis.generator.internal.db.DatabaseIntrospector.getColumns:563 --> Found column "EXT_ATTR_5", data type 12, in table "pmsdb..org_unit"
[DEBUG] [09:16:46.855] [JavaFX Application Thread] [] org.mybatis.generator.internal.db.DatabaseIntrospector.getColumns:563 --> Found column "EXT_ATTR_6", data type 12, in table "pmsdb..org_unit"
[DEBUG] [09:16:46.856] [JavaFX Application Thread] [] org.mybatis.generator.internal.db.DatabaseIntrospector.getColumns:563 --> Found column "EXT_ATTR_7", data type 12, in table "pmsdb..org_unit"
[DEBUG] [09:16:46.856] [JavaFX Application Thread] [] org.mybatis.generator.internal.db.DatabaseIntrospector.getColumns:563 --> Found column "EXT_ATTR_8", data type 12, in table "pmsdb..org_unit"
[DEBUG] [09:16:46.856] [JavaFX Application Thread] [] org.mybatis.generator.internal.db.DatabaseIntrospector.getColumns:563 --> Found column "EXT_ATTR_9", data type 12, in table "pmsdb..org_unit"
[DEBUG] [09:16:46.856] [JavaFX Application Thread] [] org.mybatis.generator.internal.db.DatabaseIntrospector.getColumns:563 --> Found column "EXT_ATTR_10", data type 12, in table "pmsdb..org_unit"
[DEBUG] [09:16:46.857] [JavaFX Application Thread] [] org.mybatis.generator.internal.db.DatabaseIntrospector.getColumns:563 --> Found column "EXT_ATTR_11", data type 4, in table "pmsdb..org_unit"
[DEBUG] [09:16:46.857] [JavaFX Application Thread] [] org.mybatis.generator.internal.db.DatabaseIntrospector.getColumns:563 --> Found column "EXT_ATTR_12", data type 4, in table "pmsdb..org_unit"
[DEBUG] [09:16:46.857] [JavaFX Application Thread] [] org.mybatis.generator.internal.db.DatabaseIntrospector.getColumns:563 --> Found column "EXT_ATTR_13", data type 4, in table "pmsdb..org_unit"
[DEBUG] [09:16:46.857] [JavaFX Application Thread] [] org.mybatis.generator.internal.db.DatabaseIntrospector.getColumns:563 --> Found column "EXT_ATTR_14", data type 4, in table "pmsdb..org_unit"
[DEBUG] [09:16:46.858] [JavaFX Application Thread] [] org.mybatis.generator.internal.db.DatabaseIntrospector.getColumns:563 --> Found column "EXT_ATTR_15", data type 4, in table "pmsdb..org_unit"
[DEBUG] [09:16:46.858] [JavaFX Application Thread] [] org.mybatis.generator.internal.db.DatabaseIntrospector.getColumns:563 --> Found column "EXTERNAL_TYPE", data type 5, in table "pmsdb..org_unit"
[DEBUG] [09:16:46.858] [JavaFX Application Thread] [] org.mybatis.generator.internal.db.DatabaseIntrospector.getColumns:563 --> Found column "IS_PUBLIC", data type 5, in table "pmsdb..org_unit"
[DEBUG] [09:16:46.858] [JavaFX Application Thread] [] org.mybatis.generator.internal.db.DatabaseIntrospector.getColumns:563 --> Found column "CREATER_ID", data type -5, in table "pmsdb..org_unit"
[DEBUG] [09:16:46.858] [JavaFX Application Thread] [] org.mybatis.generator.internal.db.DatabaseIntrospector.getColumns:563 --> Found column "I18N_NAME_ID", data type -5, in table "pmsdb..org_unit"
[INFO] [09:17:05.519] [JavaFX Application Thread] [] com.zzg.mybatis.generator.util.ConfigHelper.findConnectorLibPath:215 --> jar resource: jar:file:/D:/mybatis-start/mybatis-generator-gui.jar!/logback.xml
[INFO] [09:17:05.519] [JavaFX Application Thread] [] com.zzg.mybatis.generator.bridge.MybatisGeneratorBridge.generate:66 --> connectorLibPath: D:\mybatis-start\lib\mysql-connector-java-5.1.38.jar
[INFO] [09:17:05.520] [JavaFX Application Thread] [] com.zzg.mybatis.generator.util.DbUtil.getConnectionUrlWithSchema:214 --> getConnectionUrlWithSchema, connection url: jdbc:mysql://192.168.25.180:3306/pmsdb?useUnicode=true&useSSL=false&characterEncoding=utf8
[DEBUG] [09:17:05.671] [JavaFX Application Thread] [] org.mybatis.generator.internal.db.DatabaseIntrospector.getColumns:506 --> Retrieving column information for table "pmsdb.org_unit"
[DEBUG] [09:17:05.687] [JavaFX Application Thread] [] org.mybatis.generator.internal.db.DatabaseIntrospector.getColumns:563 --> Found column "ID", data type -5, in table "pmsdb..org_unit"
[DEBUG] [09:17:05.688] [JavaFX Application Thread] [] org.mybatis.generator.internal.db.DatabaseIntrospector.getColumns:563 --> Found column "NAME", data type 12, in table "pmsdb..org_unit"
[DEBUG] [09:17:05.688] [JavaFX Application Thread] [] org.mybatis.generator.internal.db.DatabaseIntrospector.getColumns:563 --> Found column "SECOND_NAME", data type 12, in table "pmsdb..org_unit"
[DEBUG] [09:17:05.689] [JavaFX Application Thread] [] org.mybatis.generator.internal.db.DatabaseIntrospector.getColumns:563 --> Found column "CODE", data type 12, in table "pmsdb..org_unit"
[DEBUG] [09:17:05.689] [JavaFX Application Thread] [] org.mybatis.generator.internal.db.DatabaseIntrospector.getColumns:563 --> Found column "SHORT_NAME", data type 12, in table "pmsdb..org_unit"
[DEBUG] [09:17:05.689] [JavaFX Application Thread] [] org.mybatis.generator.internal.db.DatabaseIntrospector.getColumns:563 --> Found column "TYPE", data type 12, in table "pmsdb..org_unit"
[DEBUG] [09:17:05.690] [JavaFX Application Thread] [] org.mybatis.generator.internal.db.DatabaseIntrospector.getColumns:563 --> Found column "IS_GROUP", data type 5, in table "pmsdb..org_unit"
[DEBUG] [09:17:05.690] [JavaFX Application Thread] [] org.mybatis.generator.internal.db.DatabaseIntrospector.getColumns:563 --> Found column "PATH", data type 12, in table "pmsdb..org_unit"
[DEBUG] [09:17:05.691] [JavaFX Application Thread] [] org.mybatis.generator.internal.db.DatabaseIntrospector.getColumns:563 --> Found column "IS_INTERNAL", data type 5, in table "pmsdb..org_unit"
[DEBUG] [09:17:05.693] [JavaFX Application Thread] [] org.mybatis.generator.internal.db.DatabaseIntrospector.getColumns:563 --> Found column "SORT_ID", data type 4, in table "pmsdb..org_unit"
[DEBUG] [09:17:05.696] [JavaFX Application Thread] [] org.mybatis.generator.internal.db.DatabaseIntrospector.getColumns:563 --> Found column "IS_ENABLE", data type 5, in table "pmsdb..org_unit"
[DEBUG] [09:17:05.697] [JavaFX Application Thread] [] org.mybatis.generator.internal.db.DatabaseIntrospector.getColumns:563 --> Found column "IS_DELETED", data type 5, in table "pmsdb..org_unit"
[DEBUG] [09:17:05.698] [JavaFX Application Thread] [] org.mybatis.generator.internal.db.DatabaseIntrospector.getColumns:563 --> Found column "STATUS", data type 5, in table "pmsdb..org_unit"
[DEBUG] [09:17:05.698] [JavaFX Application Thread] [] org.mybatis.generator.internal.db.DatabaseIntrospector.getColumns:563 --> Found column "LEVEL_SCOPE", data type 4, in table "pmsdb..org_unit"
[DEBUG] [09:17:05.698] [JavaFX Application Thread] [] org.mybatis.generator.internal.db.DatabaseIntrospector.getColumns:563 --> Found column "ORG_ACCOUNT_ID", data type -5, in table "pmsdb..org_unit"
[DEBUG] [09:17:05.700] [JavaFX Application Thread] [] org.mybatis.generator.internal.db.DatabaseIntrospector.getColumns:563 --> Found column "CREATE_TIME", data type 93, in table "pmsdb..org_unit"
[DEBUG] [09:17:05.704] [JavaFX Application Thread] [] org.mybatis.generator.internal.db.DatabaseIntrospector.getColumns:563 --> Found column "UPDATE_TIME", data type 93, in table "pmsdb..org_unit"
[DEBUG] [09:17:05.706] [JavaFX Application Thread] [] org.mybatis.generator.internal.db.DatabaseIntrospector.getColumns:563 --> Found column "DESCRIPTION", data type 12, in table "pmsdb..org_unit"
[DEBUG] [09:17:05.711] [JavaFX Application Thread] [] org.mybatis.generator.internal.db.DatabaseIntrospector.getColumns:563 --> Found column "EXT_ATTR_1", data type 12, in table "pmsdb..org_unit"
[DEBUG] [09:17:05.713] [JavaFX Application Thread] [] org.mybatis.generator.internal.db.DatabaseIntrospector.getColumns:563 --> Found column "EXT_ATTR_2", data type 12, in table "pmsdb..org_unit"
[DEBUG] [09:17:05.721] [JavaFX Application Thread] [] org.mybatis.generator.internal.db.DatabaseIntrospector.getColumns:563 --> Found column "EXT_ATTR_3", data type 12, in table "pmsdb..org_unit"
[DEBUG] [09:17:05.725] [JavaFX Application Thread] [] org.mybatis.generator.internal.db.DatabaseIntrospector.getColumns:563 --> Found column "EXT_ATTR_4", data type 12, in table "pmsdb..org_unit"
[DEBUG] [09:17:05.726] [JavaFX Application Thread] [] org.mybatis.generator.internal.db.DatabaseIntrospector.getColumns:563 --> Found column "EXT_ATTR_5", data type 12, in table "pmsdb..org_unit"
[DEBUG] [09:17:05.727] [JavaFX Application Thread] [] org.mybatis.generator.internal.db.DatabaseIntrospector.getColumns:563 --> Found column "EXT_ATTR_6", data type 12, in table "pmsdb..org_unit"
[DEBUG] [09:17:05.728] [JavaFX Application Thread] [] org.mybatis.generator.internal.db.DatabaseIntrospector.getColumns:563 --> Found column "EXT_ATTR_7", data type 12, in table "pmsdb..org_unit"
[DEBUG] [09:17:05.728] [JavaFX Application Thread] [] org.mybatis.generator.internal.db.DatabaseIntrospector.getColumns:563 --> Found column "EXT_ATTR_8", data type 12, in table "pmsdb..org_unit"
[DEBUG] [09:17:05.729] [JavaFX Application Thread] [] org.mybatis.generator.internal.db.DatabaseIntrospector.getColumns:563 --> Found column "EXT_ATTR_9", data type 12, in table "pmsdb..org_unit"
[DEBUG] [09:17:05.729] [JavaFX Application Thread] [] org.mybatis.generator.internal.db.DatabaseIntrospector.getColumns:563 --> Found column "EXT_ATTR_10", data type 12, in table "pmsdb..org_unit"
[DEBUG] [09:17:05.730] [JavaFX Application Thread] [] org.mybatis.generator.internal.db.DatabaseIntrospector.getColumns:563 --> Found column "EXT_ATTR_11", data type 4, in table "pmsdb..org_unit"
[DEBUG] [09:17:05.731] [JavaFX Application Thread] [] org.mybatis.generator.internal.db.DatabaseIntrospector.getColumns:563 --> Found column "EXT_ATTR_12", data type 4, in table "pmsdb..org_unit"
[DEBUG] [09:17:05.732] [JavaFX Application Thread] [] org.mybatis.generator.internal.db.DatabaseIntrospector.getColumns:563 --> Found column "EXT_ATTR_13", data type 4, in table "pmsdb..org_unit"
[DEBUG] [09:17:05.733] [JavaFX Application Thread] [] org.mybatis.generator.internal.db.DatabaseIntrospector.getColumns:563 --> Found column "EXT_ATTR_14", data type 4, in table "pmsdb..org_unit"
[DEBUG] [09:17:05.733] [JavaFX Application Thread] [] org.mybatis.generator.internal.db.DatabaseIntrospector.getColumns:563 --> Found column "EXT_ATTR_15", data type 4, in table "pmsdb..org_unit"
[DEBUG] [09:17:05.734] [JavaFX Application Thread] [] org.mybatis.generator.internal.db.DatabaseIntrospector.getColumns:563 --> Found column "EXTERNAL_TYPE", data type 5, in table "pmsdb..org_unit"
[DEBUG] [09:17:05.734] [JavaFX Application Thread] [] org.mybatis.generator.internal.db.DatabaseIntrospector.getColumns:563 --> Found column "IS_PUBLIC", data type 5, in table "pmsdb..org_unit"
[DEBUG] [09:17:05.735] [JavaFX Application Thread] [] org.mybatis.generator.internal.db.DatabaseIntrospector.getColumns:563 --> Found column "CREATER_ID", data type -5, in table "pmsdb..org_unit"
[DEBUG] [09:17:05.735] [JavaFX Application Thread] [] org.mybatis.generator.internal.db.DatabaseIntrospector.getColumns:563 --> Found column "I18N_NAME_ID", data type -5, in table "pmsdb..org_unit"
[INFO] [09:18:28.394] [JavaFX Application Thread] [] com.zzg.mybatis.generator.util.ConfigHelper.findConnectorLibPath:215 --> jar resource: jar:file:/D:/mybatis-start/mybatis-generator-gui.jar!/logback.xml
[INFO] [09:18:28.395] [JavaFX Application Thread] [] com.zzg.mybatis.generator.bridge.MybatisGeneratorBridge.generate:66 --> connectorLibPath: D:\mybatis-start\lib\mysql-connector-java-5.1.38.jar
[INFO] [09:18:28.396] [JavaFX Application Thread] [] com.zzg.mybatis.generator.util.DbUtil.getConnectionUrlWithSchema:214 --> getConnectionUrlWithSchema, connection url: jdbc:mysql://192.168.25.180:3306/pmsdb?useUnicode=true&useSSL=false&characterEncoding=utf8
[DEBUG] [09:18:28.551] [JavaFX Application Thread] [] org.mybatis.generator.internal.db.DatabaseIntrospector.getColumns:506 --> Retrieving column information for table "pmsdb.org_unit"
[DEBUG] [09:18:28.565] [JavaFX Application Thread] [] org.mybatis.generator.internal.db.DatabaseIntrospector.getColumns:563 --> Found column "ID", data type -5, in table "pmsdb..org_unit"
[DEBUG] [09:18:28.566] [JavaFX Application Thread] [] org.mybatis.generator.internal.db.DatabaseIntrospector.getColumns:563 --> Found column "NAME", data type 12, in table "pmsdb..org_unit"
[DEBUG] [09:18:28.566] [JavaFX Application Thread] [] org.mybatis.generator.internal.db.DatabaseIntrospector.getColumns:563 --> Found column "SECOND_NAME", data type 12, in table "pmsdb..org_unit"
[DEBUG] [09:18:28.568] [JavaFX Application Thread] [] org.mybatis.generator.internal.db.DatabaseIntrospector.getColumns:563 --> Found column "CODE", data type 12, in table "pmsdb..org_unit"
[DEBUG] [09:18:28.568] [JavaFX Application Thread] [] org.mybatis.generator.internal.db.DatabaseIntrospector.getColumns:563 --> Found column "SHORT_NAME", data type 12, in table "pmsdb..org_unit"
[DEBUG] [09:18:28.568] [JavaFX Application Thread] [] org.mybatis.generator.internal.db.DatabaseIntrospector.getColumns:563 --> Found column "TYPE", data type 12, in table "pmsdb..org_unit"
[DEBUG] [09:18:28.569] [JavaFX Application Thread] [] org.mybatis.generator.internal.db.DatabaseIntrospector.getColumns:563 --> Found column "IS_GROUP", data type 5, in table "pmsdb..org_unit"
[DEBUG] [09:18:28.569] [JavaFX Application Thread] [] org.mybatis.generator.internal.db.DatabaseIntrospector.getColumns:563 --> Found column "PATH", data type 12, in table "pmsdb..org_unit"
[DEBUG] [09:18:28.570] [JavaFX Application Thread] [] org.mybatis.generator.internal.db.DatabaseIntrospector.getColumns:563 --> Found column "IS_INTERNAL", data type 5, in table "pmsdb..org_unit"
[DEBUG] [09:18:28.570] [JavaFX Application Thread] [] org.mybatis.generator.internal.db.DatabaseIntrospector.getColumns:563 --> Found column "SORT_ID", data type 4, in table "pmsdb..org_unit"
[DEBUG] [09:18:28.570] [JavaFX Application Thread] [] org.mybatis.generator.internal.db.DatabaseIntrospector.getColumns:563 --> Found column "IS_ENABLE", data type 5, in table "pmsdb..org_unit"
[DEBUG] [09:18:28.571] [JavaFX Application Thread] [] org.mybatis.generator.internal.db.DatabaseIntrospector.getColumns:563 --> Found column "IS_DELETED", data type 5, in table "pmsdb..org_unit"
[DEBUG] [09:18:28.571] [JavaFX Application Thread] [] org.mybatis.generator.internal.db.DatabaseIntrospector.getColumns:563 --> Found column "STATUS", data type 5, in table "pmsdb..org_unit"
[DEBUG] [09:18:28.571] [JavaFX Application Thread] [] org.mybatis.generator.internal.db.DatabaseIntrospector.getColumns:563 --> Found column "LEVEL_SCOPE", data type 4, in table "pmsdb..org_unit"
[DEBUG] [09:18:28.571] [JavaFX Application Thread] [] org.mybatis.generator.internal.db.DatabaseIntrospector.getColumns:563 --> Found column "ORG_ACCOUNT_ID", data type -5, in table "pmsdb..org_unit"
[DEBUG] [09:18:28.571] [JavaFX Application Thread] [] org.mybatis.generator.internal.db.DatabaseIntrospector.getColumns:563 --> Found column "CREATE_TIME", data type 93, in table "pmsdb..org_unit"
[DEBUG] [09:18:28.572] [JavaFX Application Thread] [] org.mybatis.generator.internal.db.DatabaseIntrospector.getColumns:563 --> Found column "UPDATE_TIME", data type 93, in table "pmsdb..org_unit"
[DEBUG] [09:18:28.572] [JavaFX Application Thread] [] org.mybatis.generator.internal.db.DatabaseIntrospector.getColumns:563 --> Found column "DESCRIPTION", data type 12, in table "pmsdb..org_unit"
[DEBUG] [09:18:28.572] [JavaFX Application Thread] [] org.mybatis.generator.internal.db.DatabaseIntrospector.getColumns:563 --> Found column "EXT_ATTR_1", data type 12, in table "pmsdb..org_unit"
[DEBUG] [09:18:28.572] [JavaFX Application Thread] [] org.mybatis.generator.internal.db.DatabaseIntrospector.getColumns:563 --> Found column "EXT_ATTR_2", data type 12, in table "pmsdb..org_unit"
[DEBUG] [09:18:28.573] [JavaFX Application Thread] [] org.mybatis.generator.internal.db.DatabaseIntrospector.getColumns:563 --> Found column "EXT_ATTR_3", data type 12, in table "pmsdb..org_unit"
[DEBUG] [09:18:28.573] [JavaFX Application Thread] [] org.mybatis.generator.internal.db.DatabaseIntrospector.getColumns:563 --> Found column "EXT_ATTR_4", data type 12, in table "pmsdb..org_unit"
[DEBUG] [09:18:28.573] [JavaFX Application Thread] [] org.mybatis.generator.internal.db.DatabaseIntrospector.getColumns:563 --> Found column "EXT_ATTR_5", data type 12, in table "pmsdb..org_unit"
[DEBUG] [09:18:28.574] [JavaFX Application Thread] [] org.mybatis.generator.internal.db.DatabaseIntrospector.getColumns:563 --> Found column "EXT_ATTR_6", data type 12, in table "pmsdb..org_unit"
[DEBUG] [09:18:28.574] [JavaFX Application Thread] [] org.mybatis.generator.internal.db.DatabaseIntrospector.getColumns:563 --> Found column "EXT_ATTR_7", data type 12, in table "pmsdb..org_unit"
[DEBUG] [09:18:28.574] [JavaFX Application Thread] [] org.mybatis.generator.internal.db.DatabaseIntrospector.getColumns:563 --> Found column "EXT_ATTR_8", data type 12, in table "pmsdb..org_unit"
[DEBUG] [09:18:28.574] [JavaFX Application Thread] [] org.mybatis.generator.internal.db.DatabaseIntrospector.getColumns:563 --> Found column "EXT_ATTR_9", data type 12, in table "pmsdb..org_unit"
[DEBUG] [09:18:28.575] [JavaFX Application Thread] [] org.mybatis.generator.internal.db.DatabaseIntrospector.getColumns:563 --> Found column "EXT_ATTR_10", data type 12, in table "pmsdb..org_unit"
[DEBUG] [09:18:28.575] [JavaFX Application Thread] [] org.mybatis.generator.internal.db.DatabaseIntrospector.getColumns:563 --> Found column "EXT_ATTR_11", data type 4, in table "pmsdb..org_unit"
[DEBUG] [09:18:28.575] [JavaFX Application Thread] [] org.mybatis.generator.internal.db.DatabaseIntrospector.getColumns:563 --> Found column "EXT_ATTR_12", data type 4, in table "pmsdb..org_unit"
[DEBUG] [09:18:28.575] [JavaFX Application Thread] [] org.mybatis.generator.internal.db.DatabaseIntrospector.getColumns:563 --> Found column "EXT_ATTR_13", data type 4, in table "pmsdb..org_unit"
[DEBUG] [09:18:28.576] [JavaFX Application Thread] [] org.mybatis.generator.internal.db.DatabaseIntrospector.getColumns:563 --> Found column "EXT_ATTR_14", data type 4, in table "pmsdb..org_unit"
[DEBUG] [09:18:28.576] [JavaFX Application Thread] [] org.mybatis.generator.internal.db.DatabaseIntrospector.getColumns:563 --> Found column "EXT_ATTR_15", data type 4, in table "pmsdb..org_unit"
[DEBUG] [09:18:28.576] [JavaFX Application Thread] [] org.mybatis.generator.internal.db.DatabaseIntrospector.getColumns:563 --> Found column "EXTERNAL_TYPE", data type 5, in table "pmsdb..org_unit"
[DEBUG] [09:18:28.576] [JavaFX Application Thread] [] org.mybatis.generator.internal.db.DatabaseIntrospector.getColumns:563 --> Found column "IS_PUBLIC", data type 5, in table "pmsdb..org_unit"
[DEBUG] [09:18:28.577] [JavaFX Application Thread] [] org.mybatis.generator.internal.db.DatabaseIntrospector.getColumns:563 --> Found column "CREATER_ID", data type -5, in table "pmsdb..org_unit"
[DEBUG] [09:18:28.577] [JavaFX Application Thread] [] org.mybatis.generator.internal.db.DatabaseIntrospector.getColumns:563 --> Found column "I18N_NAME_ID", data type -5, in table "pmsdb..org_unit"
[INFO] [09:19:13.772] [JavaFX Application Thread] [] com.zzg.mybatis.generator.util.DbUtil.getConnectionUrlWithSchema:214 --> getConnectionUrlWithSchema, connection url: jdbc:mysql://192.168.25.180:3306/pmsdb?useUnicode=true&useSSL=false&characterEncoding=utf8
[INFO] [09:19:13.773] [JavaFX Application Thread] [] com.zzg.mybatis.generator.util.DbUtil.getTableColumns:188 --> getTableColumns, connection url: jdbc:mysql://192.168.25.180:3306/pmsdb?useUnicode=true&useSSL=false&characterEncoding=utf8
[INFO] [09:19:13.774] [JavaFX Application Thread] [] com.zzg.mybatis.generator.util.DbUtil.getConnectionUrlWithSchema:214 --> getConnectionUrlWithSchema, connection url: jdbc:mysql://192.168.25.180:3306/pmsdb?useUnicode=true&useSSL=false&characterEncoding=utf8
[INFO] [09:19:13.784] [JavaFX Application Thread] [] com.zzg.mybatis.generator.util.DbUtil.getConnection:139 --> getConnection, connection url: com.mysql.jdbc.JDBC4Connection@420ab474
[INFO] [09:19:58.459] [JavaFX Application Thread] [] com.zzg.mybatis.generator.util.ConfigHelper.findConnectorLibPath:215 --> jar resource: jar:file:/D:/mybatis-start/mybatis-generator-gui.jar!/logback.xml
[INFO] [09:19:58.460] [JavaFX Application Thread] [] com.zzg.mybatis.generator.bridge.MybatisGeneratorBridge.generate:66 --> connectorLibPath: D:\mybatis-start\lib\mysql-connector-java-5.1.38.jar
[INFO] [09:19:58.462] [JavaFX Application Thread] [] com.zzg.mybatis.generator.util.DbUtil.getConnectionUrlWithSchema:214 --> getConnectionUrlWithSchema, connection url: jdbc:mysql://192.168.25.180:3306/pmsdb?useUnicode=true&useSSL=false&characterEncoding=utf8
[DEBUG] [09:19:58.617] [JavaFX Application Thread] [] org.mybatis.generator.internal.db.DatabaseIntrospector.getColumns:506 --> Retrieving column information for table "pmsdb.org_unit"
[DEBUG] [09:19:58.629] [JavaFX Application Thread] [] org.mybatis.generator.internal.db.DatabaseIntrospector.getColumns:563 --> Found column "ID", data type -5, in table "pmsdb..org_unit"
[DEBUG] [09:19:58.630] [JavaFX Application Thread] [] org.mybatis.generator.internal.db.DatabaseIntrospector.getColumns:563 --> Found column "NAME", data type 12, in table "pmsdb..org_unit"
[DEBUG] [09:19:58.630] [JavaFX Application Thread] [] org.mybatis.generator.internal.db.DatabaseIntrospector.getColumns:563 --> Found column "SECOND_NAME", data type 12, in table "pmsdb..org_unit"
[DEBUG] [09:19:58.631] [JavaFX Application Thread] [] org.mybatis.generator.internal.db.DatabaseIntrospector.getColumns:563 --> Found column "CODE", data type 12, in table "pmsdb..org_unit"
[DEBUG] [09:19:58.631] [JavaFX Application Thread] [] org.mybatis.generator.internal.db.DatabaseIntrospector.getColumns:563 --> Found column "SHORT_NAME", data type 12, in table "pmsdb..org_unit"
[DEBUG] [09:19:58.631] [JavaFX Application Thread] [] org.mybatis.generator.internal.db.DatabaseIntrospector.getColumns:563 --> Found column "TYPE", data type 12, in table "pmsdb..org_unit"
[DEBUG] [09:19:58.632] [JavaFX Application Thread] [] org.mybatis.generator.internal.db.DatabaseIntrospector.getColumns:563 --> Found column "IS_GROUP", data type 5, in table "pmsdb..org_unit"
[DEBUG] [09:19:58.632] [JavaFX Application Thread] [] org.mybatis.generator.internal.db.DatabaseIntrospector.getColumns:563 --> Found column "PATH", data type 12, in table "pmsdb..org_unit"
[DEBUG] [09:19:58.632] [JavaFX Application Thread] [] org.mybatis.generator.internal.db.DatabaseIntrospector.getColumns:563 --> Found column "IS_INTERNAL", data type 5, in table "pmsdb..org_unit"
[DEBUG] [09:19:58.633] [JavaFX Application Thread] [] org.mybatis.generator.internal.db.DatabaseIntrospector.getColumns:563 --> Found column "SORT_ID", data type 4, in table "pmsdb..org_unit"
[DEBUG] [09:19:58.633] [JavaFX Application Thread] [] org.mybatis.generator.internal.db.DatabaseIntrospector.getColumns:563 --> Found column "IS_ENABLE", data type 5, in table "pmsdb..org_unit"
[DEBUG] [09:19:58.633] [JavaFX Application Thread] [] org.mybatis.generator.internal.db.DatabaseIntrospector.getColumns:563 --> Found column "IS_DELETED", data type 5, in table "pmsdb..org_unit"
[DEBUG] [09:19:58.633] [JavaFX Application Thread] [] org.mybatis.generator.internal.db.DatabaseIntrospector.getColumns:563 --> Found column "STATUS", data type 5, in table "pmsdb..org_unit"
[DEBUG] [09:19:58.634] [JavaFX Application Thread] [] org.mybatis.generator.internal.db.DatabaseIntrospector.getColumns:563 --> Found column "LEVEL_SCOPE", data type 4, in table "pmsdb..org_unit"
[DEBUG] [09:19:58.634] [JavaFX Application Thread] [] org.mybatis.generator.internal.db.DatabaseIntrospector.getColumns:563 --> Found column "ORG_ACCOUNT_ID", data type -5, in table "pmsdb..org_unit"
[DEBUG] [09:19:58.634] [JavaFX Application Thread] [] org.mybatis.generator.internal.db.DatabaseIntrospector.getColumns:563 --> Found column "CREATE_TIME", data type 93, in table "pmsdb..org_unit"
[DEBUG] [09:19:58.634] [JavaFX Application Thread] [] org.mybatis.generator.internal.db.DatabaseIntrospector.getColumns:563 --> Found column "UPDATE_TIME", data type 93, in table "pmsdb..org_unit"
[DEBUG] [09:19:58.635] [JavaFX Application Thread] [] org.mybatis.generator.internal.db.DatabaseIntrospector.getColumns:563 --> Found column "DESCRIPTION", data type 12, in table "pmsdb..org_unit"
[DEBUG] [09:19:58.635] [JavaFX Application Thread] [] org.mybatis.generator.internal.db.DatabaseIntrospector.getColumns:563 --> Found column "EXT_ATTR_1", data type 12, in table "pmsdb..org_unit"
[DEBUG] [09:19:58.635] [JavaFX Application Thread] [] org.mybatis.generator.internal.db.DatabaseIntrospector.getColumns:563 --> Found column "EXT_ATTR_2", data type 12, in table "pmsdb..org_unit"
[DEBUG] [09:19:58.635] [JavaFX Application Thread] [] org.mybatis.generator.internal.db.DatabaseIntrospector.getColumns:563 --> Found column "EXT_ATTR_3", data type 12, in table "pmsdb..org_unit"
[DEBUG] [09:19:58.636] [JavaFX Application Thread] [] org.mybatis.generator.internal.db.DatabaseIntrospector.getColumns:563 --> Found column "EXT_ATTR_4", data type 12, in table "pmsdb..org_unit"
[DEBUG] [09:19:58.636] [JavaFX Application Thread] [] org.mybatis.generator.internal.db.DatabaseIntrospector.getColumns:563 --> Found column "EXT_ATTR_5", data type 12, in table "pmsdb..org_unit"
[DEBUG] [09:19:58.636] [JavaFX Application Thread] [] org.mybatis.generator.internal.db.DatabaseIntrospector.getColumns:563 --> Found column "EXT_ATTR_6", data type 12, in table "pmsdb..org_unit"
[DEBUG] [09:19:58.636] [JavaFX Application Thread] [] org.mybatis.generator.internal.db.DatabaseIntrospector.getColumns:563 --> Found column "EXT_ATTR_7", data type 12, in table "pmsdb..org_unit"
[DEBUG] [09:19:58.638] [JavaFX Application Thread] [] org.mybatis.generator.internal.db.DatabaseIntrospector.getColumns:563 --> Found column "EXT_ATTR_8", data type 12, in table "pmsdb..org_unit"
[DEBUG] [09:19:58.638] [JavaFX Application Thread] [] org.mybatis.generator.internal.db.DatabaseIntrospector.getColumns:563 --> Found column "EXT_ATTR_9", data type 12, in table "pmsdb..org_unit"
[DEBUG] [09:19:58.638] [JavaFX Application Thread] [] org.mybatis.generator.internal.db.DatabaseIntrospector.getColumns:563 --> Found column "EXT_ATTR_10", data type 12, in table "pmsdb..org_unit"
[DEBUG] [09:19:58.638] [JavaFX Application Thread] [] org.mybatis.generator.internal.db.DatabaseIntrospector.getColumns:563 --> Found column "EXT_ATTR_11", data type 4, in table "pmsdb..org_unit"
[DEBUG] [09:19:58.639] [JavaFX Application Thread] [] org.mybatis.generator.internal.db.DatabaseIntrospector.getColumns:563 --> Found column "EXT_ATTR_12", data type 4, in table "pmsdb..org_unit"
[DEBUG] [09:19:58.639] [JavaFX Application Thread] [] org.mybatis.generator.internal.db.DatabaseIntrospector.getColumns:563 --> Found column "EXT_ATTR_13", data type 4, in table "pmsdb..org_unit"
[DEBUG] [09:19:58.639] [JavaFX Application Thread] [] org.mybatis.generator.internal.db.DatabaseIntrospector.getColumns:563 --> Found column "EXT_ATTR_14", data type 4, in table "pmsdb..org_unit"
[DEBUG] [09:19:58.640] [JavaFX Application Thread] [] org.mybatis.generator.internal.db.DatabaseIntrospector.getColumns:563 --> Found column "EXT_ATTR_15", data type 4, in table "pmsdb..org_unit"
[DEBUG] [09:19:58.640] [JavaFX Application Thread] [] org.mybatis.generator.internal.db.DatabaseIntrospector.getColumns:563 --> Found column "EXTERNAL_TYPE", data type 5, in table "pmsdb..org_unit"
[DEBUG] [09:19:58.640] [JavaFX Application Thread] [] org.mybatis.generator.internal.db.DatabaseIntrospector.getColumns:563 --> Found column "IS_PUBLIC", data type 5, in table "pmsdb..org_unit"
[DEBUG] [09:19:58.640] [JavaFX Application Thread] [] org.mybatis.generator.internal.db.DatabaseIntrospector.getColumns:563 --> Found column "CREATER_ID", data type -5, in table "pmsdb..org_unit"
[DEBUG] [09:19:58.640] [JavaFX Application Thread] [] org.mybatis.generator.internal.db.DatabaseIntrospector.getColumns:563 --> Found column "I18N_NAME_ID", data type -5, in table "pmsdb..org_unit"
