[INFO] [11:31:52.858] [JavaFX Application Thread] [] com.zzg.mybatis.generator.util.ConnectionManager.getConnection:20 --> database FilePath :D:\mybatis-start\.\config\sqlite3.db
[INFO] [11:31:57.643] [JavaFX Application Thread] [] com.zzg.mybatis.generator.util.ConfigHelper.getAllJDBCDriverJarPaths:238 --> jar lib path: D:\mybatis-start\lib
[INFO] [11:31:57.643] [JavaFX Application Thread] [] com.zzg.mybatis.generator.util.ConfigHelper.getAllJDBCDriverJarPaths:242 --> jar file: D:\mybatis-start\lib\commons-beanutils-1.9.2.jar
[INFO] [11:31:57.644] [JavaFX Application Thread] [] com.zzg.mybatis.generator.util.ConfigHelper.getAllJDBCDriverJarPaths:242 --> jar file: D:\mybatis-start\lib\commons-collections-3.2.1.jar
[INFO] [11:31:57.644] [JavaFX Application Thread] [] com.zzg.mybatis.generator.util.ConfigHelper.getAllJDBCDriverJarPaths:242 --> jar file: D:\mybatis-start\lib\commons-io-2.5.jar
[INFO] [11:31:57.645] [JavaFX Application Thread] [] com.zzg.mybatis.generator.util.ConfigHelper.getAllJDBCDriverJarPaths:242 --> jar file: D:\mybatis-start\lib\commons-lang3-3.4.jar
[INFO] [11:31:57.645] [JavaFX Application Thread] [] com.zzg.mybatis.generator.util.ConfigHelper.getAllJDBCDriverJarPaths:242 --> jar file: D:\mybatis-start\lib\commons-logging-1.1.1.jar
[INFO] [11:31:57.645] [JavaFX Application Thread] [] com.zzg.mybatis.generator.util.ConfigHelper.getAllJDBCDriverJarPaths:242 --> jar file: D:\mybatis-start\lib\fastjson-1.2.7.jar
[INFO] [11:31:57.646] [JavaFX Application Thread] [] com.zzg.mybatis.generator.util.ConfigHelper.getAllJDBCDriverJarPaths:242 --> jar file: D:\mybatis-start\lib\hamcrest-core-1.3.jar
[INFO] [11:31:57.646] [JavaFX Application Thread] [] com.zzg.mybatis.generator.util.ConfigHelper.getAllJDBCDriverJarPaths:242 --> jar file: D:\mybatis-start\lib\jsch-0.1.54.jar
[INFO] [11:31:57.646] [JavaFX Application Thread] [] com.zzg.mybatis.generator.util.ConfigHelper.getAllJDBCDriverJarPaths:242 --> jar file: D:\mybatis-start\lib\junit-4.12.jar
[INFO] [11:31:57.647] [JavaFX Application Thread] [] com.zzg.mybatis.generator.util.ConfigHelper.getAllJDBCDriverJarPaths:242 --> jar file: D:\mybatis-start\lib\logback-classic-1.1.2.jar
[INFO] [11:31:57.647] [JavaFX Application Thread] [] com.zzg.mybatis.generator.util.ConfigHelper.getAllJDBCDriverJarPaths:242 --> jar file: D:\mybatis-start\lib\logback-core-1.1.2.jar
[INFO] [11:31:57.647] [JavaFX Application Thread] [] com.zzg.mybatis.generator.util.ConfigHelper.getAllJDBCDriverJarPaths:242 --> jar file: D:\mybatis-start\lib\mybatis-generator-core-1.3.6.jar
[INFO] [11:31:57.648] [JavaFX Application Thread] [] com.zzg.mybatis.generator.util.ConfigHelper.getAllJDBCDriverJarPaths:242 --> jar file: D:\mybatis-start\lib\mybatis-generator-lombok-plugin-1.0.jar
[INFO] [11:31:57.648] [JavaFX Application Thread] [] com.zzg.mybatis.generator.util.ConfigHelper.getAllJDBCDriverJarPaths:242 --> jar file: D:\mybatis-start\lib\mysql-connector-java-5.1.38.jar
[INFO] [11:31:57.648] [JavaFX Application Thread] [] com.zzg.mybatis.generator.util.ConfigHelper.getAllJDBCDriverJarPaths:242 --> jar file: D:\mybatis-start\lib\mysql-connector-java-8.0.11.jar
[INFO] [11:31:57.649] [JavaFX Application Thread] [] com.zzg.mybatis.generator.util.ConfigHelper.getAllJDBCDriverJarPaths:242 --> jar file: D:\mybatis-start\lib\ojdbc6.jar
[INFO] [11:31:57.649] [JavaFX Application Thread] [] com.zzg.mybatis.generator.util.ConfigHelper.getAllJDBCDriverJarPaths:242 --> jar file: D:\mybatis-start\lib\postgresql-9.4.1209.jar
[INFO] [11:31:57.649] [JavaFX Application Thread] [] com.zzg.mybatis.generator.util.ConfigHelper.getAllJDBCDriverJarPaths:242 --> jar file: D:\mybatis-start\lib\slf4j-api-1.7.25.jar
[INFO] [11:31:57.649] [JavaFX Application Thread] [] com.zzg.mybatis.generator.util.ConfigHelper.getAllJDBCDriverJarPaths:242 --> jar file: D:\mybatis-start\lib\sqlite-jdbc-3.19.3.jar
[INFO] [11:31:57.650] [JavaFX Application Thread] [] com.zzg.mybatis.generator.util.ConfigHelper.getAllJDBCDriverJarPaths:242 --> jar file: D:\mybatis-start\lib\sqlite-jdbc-3.8.11.2.jar
[INFO] [11:31:57.651] [JavaFX Application Thread] [] com.zzg.mybatis.generator.util.ConfigHelper.getAllJDBCDriverJarPaths:242 --> jar file: D:\mybatis-start\lib\sqljdbc4-4.0.jar
[INFO] [11:31:57.692] [JavaFX Application Thread] [] com.zzg.mybatis.generator.util.DbUtil.loadDbDriver:228 --> load driver class: com.mysql.jdbc.Driver@51c7605e
[INFO] [11:31:57.692] [JavaFX Application Thread] [] com.zzg.mybatis.generator.util.DbUtil.getConnectionUrlWithSchema:214 --> getConnectionUrlWithSchema, connection url: jdbc:mysql://192.168.25.180:3306/pmsdb?useUnicode=true&useSSL=false&characterEncoding=utf8
[INFO] [11:31:58.085] [JavaFX Application Thread] [] com.zzg.mybatis.generator.util.DbUtil.getConnection:139 --> getConnection, connection url: com.mysql.jdbc.JDBC4Connection@749231c1
[INFO] [11:32:06.853] [JavaFX Application Thread] [] com.zzg.mybatis.generator.util.ConfigHelper.getAllJDBCDriverJarPaths:238 --> jar lib path: D:\mybatis-start\lib
[INFO] [11:32:06.853] [JavaFX Application Thread] [] com.zzg.mybatis.generator.util.ConfigHelper.getAllJDBCDriverJarPaths:242 --> jar file: D:\mybatis-start\lib\commons-beanutils-1.9.2.jar
[INFO] [11:32:06.854] [JavaFX Application Thread] [] com.zzg.mybatis.generator.util.ConfigHelper.getAllJDBCDriverJarPaths:242 --> jar file: D:\mybatis-start\lib\commons-collections-3.2.1.jar
[INFO] [11:32:06.854] [JavaFX Application Thread] [] com.zzg.mybatis.generator.util.ConfigHelper.getAllJDBCDriverJarPaths:242 --> jar file: D:\mybatis-start\lib\commons-io-2.5.jar
[INFO] [11:32:06.855] [JavaFX Application Thread] [] com.zzg.mybatis.generator.util.ConfigHelper.getAllJDBCDriverJarPaths:242 --> jar file: D:\mybatis-start\lib\commons-lang3-3.4.jar
[INFO] [11:32:06.855] [JavaFX Application Thread] [] com.zzg.mybatis.generator.util.ConfigHelper.getAllJDBCDriverJarPaths:242 --> jar file: D:\mybatis-start\lib\commons-logging-1.1.1.jar
[INFO] [11:32:06.855] [JavaFX Application Thread] [] com.zzg.mybatis.generator.util.ConfigHelper.getAllJDBCDriverJarPaths:242 --> jar file: D:\mybatis-start\lib\fastjson-1.2.7.jar
[INFO] [11:32:06.856] [JavaFX Application Thread] [] com.zzg.mybatis.generator.util.ConfigHelper.getAllJDBCDriverJarPaths:242 --> jar file: D:\mybatis-start\lib\hamcrest-core-1.3.jar
[INFO] [11:32:06.856] [JavaFX Application Thread] [] com.zzg.mybatis.generator.util.ConfigHelper.getAllJDBCDriverJarPaths:242 --> jar file: D:\mybatis-start\lib\jsch-0.1.54.jar
[INFO] [11:32:06.856] [JavaFX Application Thread] [] com.zzg.mybatis.generator.util.ConfigHelper.getAllJDBCDriverJarPaths:242 --> jar file: D:\mybatis-start\lib\junit-4.12.jar
[INFO] [11:32:06.856] [JavaFX Application Thread] [] com.zzg.mybatis.generator.util.ConfigHelper.getAllJDBCDriverJarPaths:242 --> jar file: D:\mybatis-start\lib\logback-classic-1.1.2.jar
[INFO] [11:32:06.857] [JavaFX Application Thread] [] com.zzg.mybatis.generator.util.ConfigHelper.getAllJDBCDriverJarPaths:242 --> jar file: D:\mybatis-start\lib\logback-core-1.1.2.jar
[INFO] [11:32:06.857] [JavaFX Application Thread] [] com.zzg.mybatis.generator.util.ConfigHelper.getAllJDBCDriverJarPaths:242 --> jar file: D:\mybatis-start\lib\mybatis-generator-core-1.3.6.jar
[INFO] [11:32:06.857] [JavaFX Application Thread] [] com.zzg.mybatis.generator.util.ConfigHelper.getAllJDBCDriverJarPaths:242 --> jar file: D:\mybatis-start\lib\mybatis-generator-lombok-plugin-1.0.jar
[INFO] [11:32:06.857] [JavaFX Application Thread] [] com.zzg.mybatis.generator.util.ConfigHelper.getAllJDBCDriverJarPaths:242 --> jar file: D:\mybatis-start\lib\mysql-connector-java-5.1.38.jar
[INFO] [11:32:06.858] [JavaFX Application Thread] [] com.zzg.mybatis.generator.util.ConfigHelper.getAllJDBCDriverJarPaths:242 --> jar file: D:\mybatis-start\lib\mysql-connector-java-8.0.11.jar
[INFO] [11:32:06.858] [JavaFX Application Thread] [] com.zzg.mybatis.generator.util.ConfigHelper.getAllJDBCDriverJarPaths:242 --> jar file: D:\mybatis-start\lib\ojdbc6.jar
[INFO] [11:32:06.858] [JavaFX Application Thread] [] com.zzg.mybatis.generator.util.ConfigHelper.getAllJDBCDriverJarPaths:242 --> jar file: D:\mybatis-start\lib\postgresql-9.4.1209.jar
[INFO] [11:32:06.858] [JavaFX Application Thread] [] com.zzg.mybatis.generator.util.ConfigHelper.getAllJDBCDriverJarPaths:242 --> jar file: D:\mybatis-start\lib\slf4j-api-1.7.25.jar
[INFO] [11:32:06.859] [JavaFX Application Thread] [] com.zzg.mybatis.generator.util.ConfigHelper.getAllJDBCDriverJarPaths:242 --> jar file: D:\mybatis-start\lib\sqlite-jdbc-3.19.3.jar
[INFO] [11:32:06.859] [JavaFX Application Thread] [] com.zzg.mybatis.generator.util.ConfigHelper.getAllJDBCDriverJarPaths:242 --> jar file: D:\mybatis-start\lib\sqlite-jdbc-3.8.11.2.jar
[INFO] [11:32:06.860] [JavaFX Application Thread] [] com.zzg.mybatis.generator.util.ConfigHelper.getAllJDBCDriverJarPaths:242 --> jar file: D:\mybatis-start\lib\sqljdbc4-4.0.jar
[INFO] [11:32:06.897] [JavaFX Application Thread] [] com.zzg.mybatis.generator.util.DbUtil.loadDbDriver:228 --> load driver class: com.mysql.cj.jdbc.Driver@65a4236c
[INFO] [11:32:06.898] [JavaFX Application Thread] [] com.zzg.mybatis.generator.util.DbUtil.getConnectionUrlWithSchema:214 --> getConnectionUrlWithSchema, connection url: jdbc:mysql://127.0.0.1:3306/jyzx_competition?serverTimezone=UTC&useUnicode=true&useSSL=false&characterEncoding=utf8
[INFO] [11:32:07.165] [JavaFX Application Thread] [] com.zzg.mybatis.generator.util.DbUtil.getConnection:139 --> getConnection, connection url: com.mysql.cj.jdbc.ConnectionImpl@4a5dc4a5
[INFO] [11:32:57.598] [JavaFX Application Thread] [] com.zzg.mybatis.generator.util.ConfigHelper.findConnectorLibPath:215 --> jar resource: jar:file:/D:/mybatis-start/mybatis-generator-gui.jar!/logback.xml
[INFO] [11:32:57.599] [JavaFX Application Thread] [] com.zzg.mybatis.generator.bridge.MybatisGeneratorBridge.generate:66 --> connectorLibPath: D:\mybatis-start\lib\mysql-connector-java-8.0.11.jar
[INFO] [11:32:57.608] [JavaFX Application Thread] [] com.zzg.mybatis.generator.util.DbUtil.getConnectionUrlWithSchema:214 --> getConnectionUrlWithSchema, connection url: jdbc:mysql://127.0.0.1:3306/jyzx_competition?serverTimezone=UTC&useUnicode=true&useSSL=false&characterEncoding=utf8
[DEBUG] [11:32:57.775] [JavaFX Application Thread] [] org.mybatis.generator.logging.LogFactory.setImplementation:105 --> Logging initialized using 'org.mybatis.generator.logging.slf4j.Slf4jLoggingLogFactory@4888d5f6' adapter.
[DEBUG] [11:32:57.777] [JavaFX Application Thread] [] org.mybatis.generator.internal.db.DatabaseIntrospector.getColumns:506 --> Retrieving column information for table "jyzx_competition.base_employee"
[DEBUG] [11:32:57.834] [JavaFX Application Thread] [] org.mybatis.generator.internal.db.DatabaseIntrospector.getColumns:563 --> Found column "emp_id", data type 4, in table "jyzx_competition..base_employee"
[DEBUG] [11:32:57.834] [JavaFX Application Thread] [] org.mybatis.generator.internal.db.DatabaseIntrospector.getColumns:563 --> Found column "emp_name", data type 12, in table "jyzx_competition..base_employee"
[DEBUG] [11:32:57.836] [JavaFX Application Thread] [] org.mybatis.generator.internal.db.DatabaseIntrospector.getColumns:563 --> Found column "can_use", data type 1, in table "jyzx_competition..base_employee"
[DEBUG] [11:32:57.836] [JavaFX Application Thread] [] org.mybatis.generator.internal.db.DatabaseIntrospector.getColumns:563 --> Found column "id_card", data type 12, in table "jyzx_competition..base_employee"
[DEBUG] [11:32:57.836] [JavaFX Application Thread] [] org.mybatis.generator.internal.db.DatabaseIntrospector.getColumns:563 --> Found column "addr", data type 12, in table "jyzx_competition..base_employee"
[DEBUG] [11:32:57.837] [JavaFX Application Thread] [] org.mybatis.generator.internal.db.DatabaseIntrospector.getColumns:563 --> Found column "log_tel", data type 12, in table "jyzx_competition..base_employee"
[DEBUG] [11:32:57.837] [JavaFX Application Thread] [] org.mybatis.generator.internal.db.DatabaseIntrospector.getColumns:563 --> Found column "log_uid", data type 12, in table "jyzx_competition..base_employee"
[DEBUG] [11:32:57.838] [JavaFX Application Thread] [] org.mybatis.generator.internal.db.DatabaseIntrospector.getColumns:563 --> Found column "salt", data type 12, in table "jyzx_competition..base_employee"
[DEBUG] [11:32:57.838] [JavaFX Application Thread] [] org.mybatis.generator.internal.db.DatabaseIntrospector.getColumns:563 --> Found column "log_pwd", data type 12, in table "jyzx_competition..base_employee"
[DEBUG] [11:32:57.838] [JavaFX Application Thread] [] org.mybatis.generator.internal.db.DatabaseIntrospector.getColumns:563 --> Found column "dep_id", data type 4, in table "jyzx_competition..base_employee"
[DEBUG] [11:32:57.839] [JavaFX Application Thread] [] org.mybatis.generator.internal.db.DatabaseIntrospector.getColumns:563 --> Found column "dis_id", data type 4, in table "jyzx_competition..base_employee"
[DEBUG] [11:32:57.839] [JavaFX Application Thread] [] org.mybatis.generator.internal.db.DatabaseIntrospector.getColumns:563 --> Found column "lbv3_emp_id", data type 4, in table "jyzx_competition..base_employee"
[INFO] [11:33:05.494] [JavaFX Application Thread] [] com.zzg.mybatis.generator.util.ConfigHelper.findConnectorLibPath:215 --> jar resource: jar:file:/D:/mybatis-start/mybatis-generator-gui.jar!/logback.xml
[INFO] [11:33:05.495] [JavaFX Application Thread] [] com.zzg.mybatis.generator.bridge.MybatisGeneratorBridge.generate:66 --> connectorLibPath: D:\mybatis-start\lib\mysql-connector-java-8.0.11.jar
[INFO] [11:33:05.496] [JavaFX Application Thread] [] com.zzg.mybatis.generator.util.DbUtil.getConnectionUrlWithSchema:214 --> getConnectionUrlWithSchema, connection url: jdbc:mysql://127.0.0.1:3306/jyzx_competition?serverTimezone=UTC&useUnicode=true&useSSL=false&characterEncoding=utf8
[DEBUG] [11:33:05.578] [JavaFX Application Thread] [] org.mybatis.generator.internal.db.DatabaseIntrospector.getColumns:506 --> Retrieving column information for table "jyzx_competition.sys_menu"
[DEBUG] [11:33:05.602] [JavaFX Application Thread] [] org.mybatis.generator.internal.db.DatabaseIntrospector.getColumns:563 --> Found column "id", data type -5, in table "jyzx_competition..sys_menu"
[DEBUG] [11:33:05.603] [JavaFX Application Thread] [] org.mybatis.generator.internal.db.DatabaseIntrospector.getColumns:563 --> Found column "name", data type 12, in table "jyzx_competition..sys_menu"
[DEBUG] [11:33:05.604] [JavaFX Application Thread] [] org.mybatis.generator.internal.db.DatabaseIntrospector.getColumns:563 --> Found column "parent_id", data type -5, in table "jyzx_competition..sys_menu"
[DEBUG] [11:33:05.605] [JavaFX Application Thread] [] org.mybatis.generator.internal.db.DatabaseIntrospector.getColumns:563 --> Found column "order_num", data type 4, in table "jyzx_competition..sys_menu"
[DEBUG] [11:33:05.605] [JavaFX Application Thread] [] org.mybatis.generator.internal.db.DatabaseIntrospector.getColumns:563 --> Found column "url", data type 12, in table "jyzx_competition..sys_menu"
[DEBUG] [11:33:05.605] [JavaFX Application Thread] [] org.mybatis.generator.internal.db.DatabaseIntrospector.getColumns:563 --> Found column "target", data type 12, in table "jyzx_competition..sys_menu"
[DEBUG] [11:33:05.605] [JavaFX Application Thread] [] org.mybatis.generator.internal.db.DatabaseIntrospector.getColumns:563 --> Found column "menu_type", data type 1, in table "jyzx_competition..sys_menu"
[DEBUG] [11:33:05.606] [JavaFX Application Thread] [] org.mybatis.generator.internal.db.DatabaseIntrospector.getColumns:563 --> Found column "visible", data type 1, in table "jyzx_competition..sys_menu"
[DEBUG] [11:33:05.606] [JavaFX Application Thread] [] org.mybatis.generator.internal.db.DatabaseIntrospector.getColumns:563 --> Found column "is_refresh", data type 1, in table "jyzx_competition..sys_menu"
[DEBUG] [11:33:05.606] [JavaFX Application Thread] [] org.mybatis.generator.internal.db.DatabaseIntrospector.getColumns:563 --> Found column "perms", data type 12, in table "jyzx_competition..sys_menu"
[DEBUG] [11:33:05.607] [JavaFX Application Thread] [] org.mybatis.generator.internal.db.DatabaseIntrospector.getColumns:563 --> Found column "icon", data type 12, in table "jyzx_competition..sys_menu"
[DEBUG] [11:33:05.607] [JavaFX Application Thread] [] org.mybatis.generator.internal.db.DatabaseIntrospector.getColumns:563 --> Found column "create_by", data type 12, in table "jyzx_competition..sys_menu"
[DEBUG] [11:33:05.607] [JavaFX Application Thread] [] org.mybatis.generator.internal.db.DatabaseIntrospector.getColumns:563 --> Found column "create_time", data type 93, in table "jyzx_competition..sys_menu"
[DEBUG] [11:33:05.607] [JavaFX Application Thread] [] org.mybatis.generator.internal.db.DatabaseIntrospector.getColumns:563 --> Found column "update_by", data type 12, in table "jyzx_competition..sys_menu"
[DEBUG] [11:33:05.608] [JavaFX Application Thread] [] org.mybatis.generator.internal.db.DatabaseIntrospector.getColumns:563 --> Found column "update_time", data type 93, in table "jyzx_competition..sys_menu"
[INFO] [11:33:09.440] [JavaFX Application Thread] [] com.zzg.mybatis.generator.util.ConfigHelper.findConnectorLibPath:215 --> jar resource: jar:file:/D:/mybatis-start/mybatis-generator-gui.jar!/logback.xml
[INFO] [11:33:09.441] [JavaFX Application Thread] [] com.zzg.mybatis.generator.bridge.MybatisGeneratorBridge.generate:66 --> connectorLibPath: D:\mybatis-start\lib\mysql-connector-java-8.0.11.jar
[INFO] [11:33:09.443] [JavaFX Application Thread] [] com.zzg.mybatis.generator.util.DbUtil.getConnectionUrlWithSchema:214 --> getConnectionUrlWithSchema, connection url: jdbc:mysql://127.0.0.1:3306/jyzx_competition?serverTimezone=UTC&useUnicode=true&useSSL=false&characterEncoding=utf8
[DEBUG] [11:33:09.542] [JavaFX Application Thread] [] org.mybatis.generator.internal.db.DatabaseIntrospector.getColumns:506 --> Retrieving column information for table "jyzx_competition.sys_role"
[DEBUG] [11:33:09.571] [JavaFX Application Thread] [] org.mybatis.generator.internal.db.DatabaseIntrospector.getColumns:563 --> Found column "id", data type -5, in table "jyzx_competition..sys_role"
[DEBUG] [11:33:09.571] [JavaFX Application Thread] [] org.mybatis.generator.internal.db.DatabaseIntrospector.getColumns:563 --> Found column "name", data type 12, in table "jyzx_competition..sys_role"
[DEBUG] [11:33:09.572] [JavaFX Application Thread] [] org.mybatis.generator.internal.db.DatabaseIntrospector.getColumns:563 --> Found column "perms", data type 12, in table "jyzx_competition..sys_role"
[DEBUG] [11:33:09.573] [JavaFX Application Thread] [] org.mybatis.generator.internal.db.DatabaseIntrospector.getColumns:563 --> Found column "sorts", data type 4, in table "jyzx_competition..sys_role"
[DEBUG] [11:33:09.574] [JavaFX Application Thread] [] org.mybatis.generator.internal.db.DatabaseIntrospector.getColumns:563 --> Found column "status", data type 4, in table "jyzx_competition..sys_role"
[DEBUG] [11:33:09.574] [JavaFX Application Thread] [] org.mybatis.generator.internal.db.DatabaseIntrospector.getColumns:563 --> Found column "create_by", data type 12, in table "jyzx_competition..sys_role"
[DEBUG] [11:33:09.575] [JavaFX Application Thread] [] org.mybatis.generator.internal.db.DatabaseIntrospector.getColumns:563 --> Found column "create_time", data type 93, in table "jyzx_competition..sys_role"
[DEBUG] [11:33:09.575] [JavaFX Application Thread] [] org.mybatis.generator.internal.db.DatabaseIntrospector.getColumns:563 --> Found column "update_by", data type 12, in table "jyzx_competition..sys_role"
[DEBUG] [11:33:09.576] [JavaFX Application Thread] [] org.mybatis.generator.internal.db.DatabaseIntrospector.getColumns:563 --> Found column "update_time", data type 93, in table "jyzx_competition..sys_role"
[INFO] [11:33:13.592] [JavaFX Application Thread] [] com.zzg.mybatis.generator.util.ConfigHelper.findConnectorLibPath:215 --> jar resource: jar:file:/D:/mybatis-start/mybatis-generator-gui.jar!/logback.xml
[INFO] [11:33:13.592] [JavaFX Application Thread] [] com.zzg.mybatis.generator.bridge.MybatisGeneratorBridge.generate:66 --> connectorLibPath: D:\mybatis-start\lib\mysql-connector-java-8.0.11.jar
[INFO] [11:33:13.593] [JavaFX Application Thread] [] com.zzg.mybatis.generator.util.DbUtil.getConnectionUrlWithSchema:214 --> getConnectionUrlWithSchema, connection url: jdbc:mysql://127.0.0.1:3306/jyzx_competition?serverTimezone=UTC&useUnicode=true&useSSL=false&characterEncoding=utf8
[DEBUG] [11:33:13.673] [JavaFX Application Thread] [] org.mybatis.generator.internal.db.DatabaseIntrospector.getColumns:506 --> Retrieving column information for table "jyzx_competition.user_company_auction"
[DEBUG] [11:33:13.698] [JavaFX Application Thread] [] org.mybatis.generator.internal.db.DatabaseIntrospector.getColumns:563 --> Found column "comp_id", data type 4, in table "jyzx_competition..user_company_auction"
[DEBUG] [11:33:13.700] [JavaFX Application Thread] [] org.mybatis.generator.internal.db.DatabaseIntrospector.getColumns:563 --> Found column "comp_type", data type -7, in table "jyzx_competition..user_company_auction"
[DEBUG] [11:33:13.703] [JavaFX Application Thread] [] org.mybatis.generator.internal.db.DatabaseIntrospector.getColumns:563 --> Found column "comp_name", data type 12, in table "jyzx_competition..user_company_auction"
[DEBUG] [11:33:13.703] [JavaFX Application Thread] [] org.mybatis.generator.internal.db.DatabaseIntrospector.getColumns:563 --> Found column "login_uid", data type 12, in table "jyzx_competition..user_company_auction"
[DEBUG] [11:33:13.704] [JavaFX Application Thread] [] org.mybatis.generator.internal.db.DatabaseIntrospector.getColumns:563 --> Found column "district_code", data type 12, in table "jyzx_competition..user_company_auction"
[DEBUG] [11:33:13.704] [JavaFX Application Thread] [] org.mybatis.generator.internal.db.DatabaseIntrospector.getColumns:563 --> Found column "comp_address", data type 12, in table "jyzx_competition..user_company_auction"
[DEBUG] [11:33:13.704] [JavaFX Application Thread] [] org.mybatis.generator.internal.db.DatabaseIntrospector.getColumns:563 --> Found column "gave_address", data type 12, in table "jyzx_competition..user_company_auction"
[DEBUG] [11:33:13.705] [JavaFX Application Thread] [] org.mybatis.generator.internal.db.DatabaseIntrospector.getColumns:563 --> Found column "account_name", data type 12, in table "jyzx_competition..user_company_auction"
[DEBUG] [11:33:13.705] [JavaFX Application Thread] [] org.mybatis.generator.internal.db.DatabaseIntrospector.getColumns:563 --> Found column "account_no", data type 12, in table "jyzx_competition..user_company_auction"
[DEBUG] [11:33:13.706] [JavaFX Application Thread] [] org.mybatis.generator.internal.db.DatabaseIntrospector.getColumns:563 --> Found column "bank_name", data type 12, in table "jyzx_competition..user_company_auction"
[DEBUG] [11:33:13.706] [JavaFX Application Thread] [] org.mybatis.generator.internal.db.DatabaseIntrospector.getColumns:563 --> Found column "bank_no", data type 12, in table "jyzx_competition..user_company_auction"
[DEBUG] [11:33:13.706] [JavaFX Application Thread] [] org.mybatis.generator.internal.db.DatabaseIntrospector.getColumns:563 --> Found column "bank_info", data type 12, in table "jyzx_competition..user_company_auction"
[DEBUG] [11:33:13.706] [JavaFX Application Thread] [] org.mybatis.generator.internal.db.DatabaseIntrospector.getColumns:563 --> Found column "audit_access", data type -7, in table "jyzx_competition..user_company_auction"
[DEBUG] [11:33:13.706] [JavaFX Application Thread] [] org.mybatis.generator.internal.db.DatabaseIntrospector.getColumns:563 --> Found column "card_type", data type 12, in table "jyzx_competition..user_company_auction"
[DEBUG] [11:33:13.707] [JavaFX Application Thread] [] org.mybatis.generator.internal.db.DatabaseIntrospector.getColumns:563 --> Found column "card_no", data type 12, in table "jyzx_competition..user_company_auction"
[DEBUG] [11:33:13.707] [JavaFX Application Thread] [] org.mybatis.generator.internal.db.DatabaseIntrospector.getColumns:563 --> Found column "tel", data type 12, in table "jyzx_competition..user_company_auction"
[DEBUG] [11:33:13.707] [JavaFX Application Thread] [] org.mybatis.generator.internal.db.DatabaseIntrospector.getColumns:563 --> Found column "social_credit_code", data type 12, in table "jyzx_competition..user_company_auction"
[DEBUG] [11:33:13.707] [JavaFX Application Thread] [] org.mybatis.generator.internal.db.DatabaseIntrospector.getColumns:563 --> Found column "legal_person", data type 12, in table "jyzx_competition..user_company_auction"
[DEBUG] [11:33:13.708] [JavaFX Application Thread] [] org.mybatis.generator.internal.db.DatabaseIntrospector.getColumns:563 --> Found column "legal_person_id_card", data type 12, in table "jyzx_competition..user_company_auction"
[DEBUG] [11:33:13.708] [JavaFX Application Thread] [] org.mybatis.generator.internal.db.DatabaseIntrospector.getColumns:563 --> Found column "legal_person_tel", data type 12, in table "jyzx_competition..user_company_auction"
[DEBUG] [11:33:13.708] [JavaFX Application Thread] [] org.mybatis.generator.internal.db.DatabaseIntrospector.getColumns:563 --> Found column "contact_person", data type 12, in table "jyzx_competition..user_company_auction"
[DEBUG] [11:33:13.708] [JavaFX Application Thread] [] org.mybatis.generator.internal.db.DatabaseIntrospector.getColumns:563 --> Found column "contact_person_id_card", data type 12, in table "jyzx_competition..user_company_auction"
[DEBUG] [11:33:13.709] [JavaFX Application Thread] [] org.mybatis.generator.internal.db.DatabaseIntrospector.getColumns:563 --> Found column "contact_person_tel", data type 12, in table "jyzx_competition..user_company_auction"
[DEBUG] [11:33:13.709] [JavaFX Application Thread] [] org.mybatis.generator.internal.db.DatabaseIntrospector.getColumns:563 --> Found column "regist_fund", data type 12, in table "jyzx_competition..user_company_auction"
[DEBUG] [11:33:13.710] [JavaFX Application Thread] [] org.mybatis.generator.internal.db.DatabaseIntrospector.getColumns:563 --> Found column "usable_number", data type 4, in table "jyzx_competition..user_company_auction"
[DEBUG] [11:33:13.710] [JavaFX Application Thread] [] org.mybatis.generator.internal.db.DatabaseIntrospector.getColumns:563 --> Found column "in_time", data type 93, in table "jyzx_competition..user_company_auction"
[DEBUG] [11:33:13.710] [JavaFX Application Thread] [] org.mybatis.generator.internal.db.DatabaseIntrospector.getColumns:563 --> Found column "up_time", data type 93, in table "jyzx_competition..user_company_auction"
[DEBUG] [11:33:13.710] [JavaFX Application Thread] [] org.mybatis.generator.internal.db.DatabaseIntrospector.getColumns:563 --> Found column "ip", data type 12, in table "jyzx_competition..user_company_auction"
[DEBUG] [11:33:13.711] [JavaFX Application Thread] [] org.mybatis.generator.internal.db.DatabaseIntrospector.getColumns:563 --> Found column "is_valid", data type 4, in table "jyzx_competition..user_company_auction"
[INFO] [11:33:17.065] [JavaFX Application Thread] [] com.zzg.mybatis.generator.util.ConfigHelper.findConnectorLibPath:215 --> jar resource: jar:file:/D:/mybatis-start/mybatis-generator-gui.jar!/logback.xml
[INFO] [11:33:17.066] [JavaFX Application Thread] [] com.zzg.mybatis.generator.bridge.MybatisGeneratorBridge.generate:66 --> connectorLibPath: D:\mybatis-start\lib\mysql-connector-java-8.0.11.jar
[INFO] [11:33:17.067] [JavaFX Application Thread] [] com.zzg.mybatis.generator.util.DbUtil.getConnectionUrlWithSchema:214 --> getConnectionUrlWithSchema, connection url: jdbc:mysql://127.0.0.1:3306/jyzx_competition?serverTimezone=UTC&useUnicode=true&useSSL=false&characterEncoding=utf8
[DEBUG] [11:33:17.149] [JavaFX Application Thread] [] org.mybatis.generator.internal.db.DatabaseIntrospector.getColumns:506 --> Retrieving column information for table "jyzx_competition.user_company_auction_key"
[DEBUG] [11:33:17.177] [JavaFX Application Thread] [] org.mybatis.generator.internal.db.DatabaseIntrospector.getColumns:563 --> Found column "id", data type 4, in table "jyzx_competition..user_company_auction_key"
[DEBUG] [11:33:17.178] [JavaFX Application Thread] [] org.mybatis.generator.internal.db.DatabaseIntrospector.getColumns:563 --> Found column "comp_id", data type 4, in table "jyzx_competition..user_company_auction_key"
[DEBUG] [11:33:17.179] [JavaFX Application Thread] [] org.mybatis.generator.internal.db.DatabaseIntrospector.getColumns:563 --> Found column "login_uid", data type 12, in table "jyzx_competition..user_company_auction_key"
[DEBUG] [11:33:17.184] [JavaFX Application Thread] [] org.mybatis.generator.internal.db.DatabaseIntrospector.getColumns:563 --> Found column "login_pwd", data type -1, in table "jyzx_competition..user_company_auction_key"
[DEBUG] [11:33:17.184] [JavaFX Application Thread] [] org.mybatis.generator.internal.db.DatabaseIntrospector.getColumns:563 --> Found column "login_salt", data type 12, in table "jyzx_competition..user_company_auction_key"
[DEBUG] [11:33:17.184] [JavaFX Application Thread] [] org.mybatis.generator.internal.db.DatabaseIntrospector.getColumns:563 --> Found column "is_valid", data type -7, in table "jyzx_competition..user_company_auction_key"
[DEBUG] [11:33:17.185] [JavaFX Application Thread] [] org.mybatis.generator.internal.db.DatabaseIntrospector.getColumns:563 --> Found column "login_time", data type 93, in table "jyzx_competition..user_company_auction_key"
