[INFO] [14:17:02.925] [JavaFX Application Thread] [] com.zzg.mybatis.generator.util.ConnectionManager.getConnection:20 --> database FilePath :D:\mybatis-start\.\config\sqlite3.db
[INFO] [14:17:09.490] [JavaFX Application Thread] [] com.zzg.mybatis.generator.util.ConfigHelper.getAllJDBCDriverJarPaths:238 --> jar lib path: D:\mybatis-start\lib
[INFO] [14:17:09.490] [JavaFX Application Thread] [] com.zzg.mybatis.generator.util.ConfigHelper.getAllJDBCDriverJarPaths:242 --> jar file: D:\mybatis-start\lib\commons-beanutils-1.9.2.jar
[INFO] [14:17:09.491] [JavaFX Application Thread] [] com.zzg.mybatis.generator.util.ConfigHelper.getAllJDBCDriverJarPaths:242 --> jar file: D:\mybatis-start\lib\commons-collections-3.2.1.jar
[INFO] [14:17:09.492] [JavaFX Application Thread] [] com.zzg.mybatis.generator.util.ConfigHelper.getAllJDBCDriverJarPaths:242 --> jar file: D:\mybatis-start\lib\commons-io-2.5.jar
[INFO] [14:17:09.492] [JavaFX Application Thread] [] com.zzg.mybatis.generator.util.ConfigHelper.getAllJDBCDriverJarPaths:242 --> jar file: D:\mybatis-start\lib\commons-lang3-3.4.jar
[INFO] [14:17:09.493] [JavaFX Application Thread] [] com.zzg.mybatis.generator.util.ConfigHelper.getAllJDBCDriverJarPaths:242 --> jar file: D:\mybatis-start\lib\commons-logging-1.1.1.jar
[INFO] [14:17:09.493] [JavaFX Application Thread] [] com.zzg.mybatis.generator.util.ConfigHelper.getAllJDBCDriverJarPaths:242 --> jar file: D:\mybatis-start\lib\fastjson-1.2.7.jar
[INFO] [14:17:09.493] [JavaFX Application Thread] [] com.zzg.mybatis.generator.util.ConfigHelper.getAllJDBCDriverJarPaths:242 --> jar file: D:\mybatis-start\lib\hamcrest-core-1.3.jar
[INFO] [14:17:09.493] [JavaFX Application Thread] [] com.zzg.mybatis.generator.util.ConfigHelper.getAllJDBCDriverJarPaths:242 --> jar file: D:\mybatis-start\lib\jsch-0.1.54.jar
[INFO] [14:17:09.494] [JavaFX Application Thread] [] com.zzg.mybatis.generator.util.ConfigHelper.getAllJDBCDriverJarPaths:242 --> jar file: D:\mybatis-start\lib\junit-4.12.jar
[INFO] [14:17:09.494] [JavaFX Application Thread] [] com.zzg.mybatis.generator.util.ConfigHelper.getAllJDBCDriverJarPaths:242 --> jar file: D:\mybatis-start\lib\logback-classic-1.1.2.jar
[INFO] [14:17:09.494] [JavaFX Application Thread] [] com.zzg.mybatis.generator.util.ConfigHelper.getAllJDBCDriverJarPaths:242 --> jar file: D:\mybatis-start\lib\logback-core-1.1.2.jar
[INFO] [14:17:09.494] [JavaFX Application Thread] [] com.zzg.mybatis.generator.util.ConfigHelper.getAllJDBCDriverJarPaths:242 --> jar file: D:\mybatis-start\lib\mybatis-generator-core-1.3.6.jar
[INFO] [14:17:09.495] [JavaFX Application Thread] [] com.zzg.mybatis.generator.util.ConfigHelper.getAllJDBCDriverJarPaths:242 --> jar file: D:\mybatis-start\lib\mybatis-generator-lombok-plugin-1.0.jar
[INFO] [14:17:09.495] [JavaFX Application Thread] [] com.zzg.mybatis.generator.util.ConfigHelper.getAllJDBCDriverJarPaths:242 --> jar file: D:\mybatis-start\lib\mysql-connector-java-5.1.38.jar
[INFO] [14:17:09.496] [JavaFX Application Thread] [] com.zzg.mybatis.generator.util.ConfigHelper.getAllJDBCDriverJarPaths:242 --> jar file: D:\mybatis-start\lib\mysql-connector-java-8.0.11.jar
[INFO] [14:17:09.497] [JavaFX Application Thread] [] com.zzg.mybatis.generator.util.ConfigHelper.getAllJDBCDriverJarPaths:242 --> jar file: D:\mybatis-start\lib\ojdbc6.jar
[INFO] [14:17:09.497] [JavaFX Application Thread] [] com.zzg.mybatis.generator.util.ConfigHelper.getAllJDBCDriverJarPaths:242 --> jar file: D:\mybatis-start\lib\postgresql-9.4.1209.jar
[INFO] [14:17:09.497] [JavaFX Application Thread] [] com.zzg.mybatis.generator.util.ConfigHelper.getAllJDBCDriverJarPaths:242 --> jar file: D:\mybatis-start\lib\slf4j-api-1.7.25.jar
[INFO] [14:17:09.498] [JavaFX Application Thread] [] com.zzg.mybatis.generator.util.ConfigHelper.getAllJDBCDriverJarPaths:242 --> jar file: D:\mybatis-start\lib\sqlite-jdbc-3.19.3.jar
[INFO] [14:17:09.498] [JavaFX Application Thread] [] com.zzg.mybatis.generator.util.ConfigHelper.getAllJDBCDriverJarPaths:242 --> jar file: D:\mybatis-start\lib\sqlite-jdbc-3.8.11.2.jar
[INFO] [14:17:09.498] [JavaFX Application Thread] [] com.zzg.mybatis.generator.util.ConfigHelper.getAllJDBCDriverJarPaths:242 --> jar file: D:\mybatis-start\lib\sqljdbc4-4.0.jar
[INFO] [14:17:09.528] [JavaFX Application Thread] [] com.zzg.mybatis.generator.util.DbUtil.loadDbDriver:228 --> load driver class: com.mysql.jdbc.Driver@7fdf6642
[INFO] [14:17:09.528] [JavaFX Application Thread] [] com.zzg.mybatis.generator.util.DbUtil.getConnectionUrlWithSchema:214 --> getConnectionUrlWithSchema, connection url: jdbc:mysql://192.168.25.180:3306/pmsdb?useUnicode=true&useSSL=false&characterEncoding=utf8
[INFO] [14:17:09.978] [JavaFX Application Thread] [] com.zzg.mybatis.generator.util.DbUtil.getConnection:139 --> getConnection, connection url: com.mysql.jdbc.JDBC4Connection@503e1ca4
[INFO] [14:17:12.933] [JavaFX Application Thread] [] com.zzg.mybatis.generator.util.DbUtil.getConnectionUrlWithSchema:214 --> getConnectionUrlWithSchema, connection url: jdbc:mysql://192.168.25.180:3306/pmsdb?useUnicode=true&useSSL=false&characterEncoding=utf8
[INFO] [14:17:12.945] [JavaFX Application Thread] [] com.zzg.mybatis.generator.util.DbUtil.getConnection:139 --> getConnection, connection url: com.mysql.jdbc.JDBC4Connection@5b362e5
[INFO] [14:17:15.029] [JavaFX Application Thread] [] com.zzg.mybatis.generator.util.ConfigHelper.getAllJDBCDriverJarPaths:238 --> jar lib path: D:\mybatis-start\lib
[INFO] [14:17:15.030] [JavaFX Application Thread] [] com.zzg.mybatis.generator.util.ConfigHelper.getAllJDBCDriverJarPaths:242 --> jar file: D:\mybatis-start\lib\commons-beanutils-1.9.2.jar
[INFO] [14:17:15.031] [JavaFX Application Thread] [] com.zzg.mybatis.generator.util.ConfigHelper.getAllJDBCDriverJarPaths:242 --> jar file: D:\mybatis-start\lib\commons-collections-3.2.1.jar
[INFO] [14:17:15.031] [JavaFX Application Thread] [] com.zzg.mybatis.generator.util.ConfigHelper.getAllJDBCDriverJarPaths:242 --> jar file: D:\mybatis-start\lib\commons-io-2.5.jar
[INFO] [14:17:15.032] [JavaFX Application Thread] [] com.zzg.mybatis.generator.util.ConfigHelper.getAllJDBCDriverJarPaths:242 --> jar file: D:\mybatis-start\lib\commons-lang3-3.4.jar
[INFO] [14:17:15.032] [JavaFX Application Thread] [] com.zzg.mybatis.generator.util.ConfigHelper.getAllJDBCDriverJarPaths:242 --> jar file: D:\mybatis-start\lib\commons-logging-1.1.1.jar
[INFO] [14:17:15.032] [JavaFX Application Thread] [] com.zzg.mybatis.generator.util.ConfigHelper.getAllJDBCDriverJarPaths:242 --> jar file: D:\mybatis-start\lib\fastjson-1.2.7.jar
[INFO] [14:17:15.033] [JavaFX Application Thread] [] com.zzg.mybatis.generator.util.ConfigHelper.getAllJDBCDriverJarPaths:242 --> jar file: D:\mybatis-start\lib\hamcrest-core-1.3.jar
[INFO] [14:17:15.033] [JavaFX Application Thread] [] com.zzg.mybatis.generator.util.ConfigHelper.getAllJDBCDriverJarPaths:242 --> jar file: D:\mybatis-start\lib\jsch-0.1.54.jar
[INFO] [14:17:15.033] [JavaFX Application Thread] [] com.zzg.mybatis.generator.util.ConfigHelper.getAllJDBCDriverJarPaths:242 --> jar file: D:\mybatis-start\lib\junit-4.12.jar
[INFO] [14:17:15.033] [JavaFX Application Thread] [] com.zzg.mybatis.generator.util.ConfigHelper.getAllJDBCDriverJarPaths:242 --> jar file: D:\mybatis-start\lib\logback-classic-1.1.2.jar
[INFO] [14:17:15.034] [JavaFX Application Thread] [] com.zzg.mybatis.generator.util.ConfigHelper.getAllJDBCDriverJarPaths:242 --> jar file: D:\mybatis-start\lib\logback-core-1.1.2.jar
[INFO] [14:17:15.034] [JavaFX Application Thread] [] com.zzg.mybatis.generator.util.ConfigHelper.getAllJDBCDriverJarPaths:242 --> jar file: D:\mybatis-start\lib\mybatis-generator-core-1.3.6.jar
[INFO] [14:17:15.034] [JavaFX Application Thread] [] com.zzg.mybatis.generator.util.ConfigHelper.getAllJDBCDriverJarPaths:242 --> jar file: D:\mybatis-start\lib\mybatis-generator-lombok-plugin-1.0.jar
[INFO] [14:17:15.034] [JavaFX Application Thread] [] com.zzg.mybatis.generator.util.ConfigHelper.getAllJDBCDriverJarPaths:242 --> jar file: D:\mybatis-start\lib\mysql-connector-java-5.1.38.jar
[INFO] [14:17:15.035] [JavaFX Application Thread] [] com.zzg.mybatis.generator.util.ConfigHelper.getAllJDBCDriverJarPaths:242 --> jar file: D:\mybatis-start\lib\mysql-connector-java-8.0.11.jar
[INFO] [14:17:15.035] [JavaFX Application Thread] [] com.zzg.mybatis.generator.util.ConfigHelper.getAllJDBCDriverJarPaths:242 --> jar file: D:\mybatis-start\lib\ojdbc6.jar
[INFO] [14:17:15.035] [JavaFX Application Thread] [] com.zzg.mybatis.generator.util.ConfigHelper.getAllJDBCDriverJarPaths:242 --> jar file: D:\mybatis-start\lib\postgresql-9.4.1209.jar
[INFO] [14:17:15.035] [JavaFX Application Thread] [] com.zzg.mybatis.generator.util.ConfigHelper.getAllJDBCDriverJarPaths:242 --> jar file: D:\mybatis-start\lib\slf4j-api-1.7.25.jar
[INFO] [14:17:15.035] [JavaFX Application Thread] [] com.zzg.mybatis.generator.util.ConfigHelper.getAllJDBCDriverJarPaths:242 --> jar file: D:\mybatis-start\lib\sqlite-jdbc-3.19.3.jar
[INFO] [14:17:15.036] [JavaFX Application Thread] [] com.zzg.mybatis.generator.util.ConfigHelper.getAllJDBCDriverJarPaths:242 --> jar file: D:\mybatis-start\lib\sqlite-jdbc-3.8.11.2.jar
[INFO] [14:17:15.036] [JavaFX Application Thread] [] com.zzg.mybatis.generator.util.ConfigHelper.getAllJDBCDriverJarPaths:242 --> jar file: D:\mybatis-start\lib\sqljdbc4-4.0.jar
[INFO] [14:17:15.046] [JavaFX Application Thread] [] com.zzg.mybatis.generator.util.DbUtil.loadDbDriver:228 --> load driver class: com.mysql.cj.jdbc.Driver@3abc996d
[INFO] [14:17:15.047] [JavaFX Application Thread] [] com.zzg.mybatis.generator.util.DbUtil.getConnectionUrlWithSchema:214 --> getConnectionUrlWithSchema, connection url: jdbc:mysql://127.0.0.1:3306/jyzx_competition?serverTimezone=UTC&useUnicode=true&useSSL=false&characterEncoding=utf8
[INFO] [14:17:15.178] [JavaFX Application Thread] [] com.zzg.mybatis.generator.util.DbUtil.getConnection:139 --> getConnection, connection url: com.mysql.cj.jdbc.ConnectionImpl@232a3f08
[INFO] [14:18:00.958] [JavaFX Application Thread] [] com.zzg.mybatis.generator.util.ConfigHelper.findConnectorLibPath:215 --> jar resource: jar:file:/D:/mybatis-start/mybatis-generator-gui.jar!/logback.xml
[INFO] [14:18:00.959] [JavaFX Application Thread] [] com.zzg.mybatis.generator.bridge.MybatisGeneratorBridge.generate:66 --> connectorLibPath: D:\mybatis-start\lib\mysql-connector-java-8.0.11.jar
[INFO] [14:18:00.962] [JavaFX Application Thread] [] com.zzg.mybatis.generator.util.DbUtil.getConnectionUrlWithSchema:214 --> getConnectionUrlWithSchema, connection url: jdbc:mysql://127.0.0.1:3306/jyzx_competition?serverTimezone=UTC&useUnicode=true&useSSL=false&characterEncoding=utf8
[DEBUG] [14:18:01.062] [JavaFX Application Thread] [] org.mybatis.generator.logging.LogFactory.setImplementation:105 --> Logging initialized using 'org.mybatis.generator.logging.slf4j.Slf4jLoggingLogFactory@1f5a70b6' adapter.
[DEBUG] [14:18:01.064] [JavaFX Application Thread] [] org.mybatis.generator.internal.db.DatabaseIntrospector.getColumns:506 --> Retrieving column information for table "jyzx_competition.product"
[DEBUG] [14:18:01.141] [JavaFX Application Thread] [] org.mybatis.generator.internal.db.DatabaseIntrospector.getColumns:563 --> Found column "id", data type 4, in table "jyzx_competition..product"
[DEBUG] [14:18:01.141] [JavaFX Application Thread] [] org.mybatis.generator.internal.db.DatabaseIntrospector.getColumns:563 --> Found column "name", data type 12, in table "jyzx_competition..product"
[DEBUG] [14:18:01.142] [JavaFX Application Thread] [] org.mybatis.generator.internal.db.DatabaseIntrospector.getColumns:563 --> Found column "price", data type 7, in table "jyzx_competition..product"
[DEBUG] [14:18:01.145] [JavaFX Application Thread] [] org.mybatis.generator.internal.db.DatabaseIntrospector.getColumns:563 --> Found column "num", data type 4, in table "jyzx_competition..product"
[DEBUG] [14:18:01.146] [JavaFX Application Thread] [] org.mybatis.generator.internal.db.DatabaseIntrospector.getColumns:563 --> Found column "begin_time", data type 93, in table "jyzx_competition..product"
[DEBUG] [14:18:01.147] [JavaFX Application Thread] [] org.mybatis.generator.internal.db.DatabaseIntrospector.getColumns:563 --> Found column "end_time", data type 93, in table "jyzx_competition..product"
[INFO] [14:18:07.397] [JavaFX Application Thread] [] com.zzg.mybatis.generator.util.ConfigHelper.findConnectorLibPath:215 --> jar resource: jar:file:/D:/mybatis-start/mybatis-generator-gui.jar!/logback.xml
[INFO] [14:18:07.398] [JavaFX Application Thread] [] com.zzg.mybatis.generator.bridge.MybatisGeneratorBridge.generate:66 --> connectorLibPath: D:\mybatis-start\lib\mysql-connector-java-8.0.11.jar
[INFO] [14:18:07.399] [JavaFX Application Thread] [] com.zzg.mybatis.generator.util.DbUtil.getConnectionUrlWithSchema:214 --> getConnectionUrlWithSchema, connection url: jdbc:mysql://127.0.0.1:3306/jyzx_competition?serverTimezone=UTC&useUnicode=true&useSSL=false&characterEncoding=utf8
[DEBUG] [14:18:07.487] [JavaFX Application Thread] [] org.mybatis.generator.internal.db.DatabaseIntrospector.getColumns:506 --> Retrieving column information for table "jyzx_competition.orderinfo"
[DEBUG] [14:18:07.507] [JavaFX Application Thread] [] org.mybatis.generator.internal.db.DatabaseIntrospector.getColumns:563 --> Found column "id", data type 12, in table "jyzx_competition..orderinfo"
[DEBUG] [14:18:07.508] [JavaFX Application Thread] [] org.mybatis.generator.internal.db.DatabaseIntrospector.getColumns:563 --> Found column "user_id", data type 4, in table "jyzx_competition..orderinfo"
[DEBUG] [14:18:07.508] [JavaFX Application Thread] [] org.mybatis.generator.internal.db.DatabaseIntrospector.getColumns:563 --> Found column "product_id", data type 4, in table "jyzx_competition..orderinfo"
[DEBUG] [14:18:07.508] [JavaFX Application Thread] [] org.mybatis.generator.internal.db.DatabaseIntrospector.getColumns:563 --> Found column "order_time", data type 93, in table "jyzx_competition..orderinfo"
[DEBUG] [14:18:07.509] [JavaFX Application Thread] [] org.mybatis.generator.internal.db.DatabaseIntrospector.getColumns:563 --> Found column "num", data type 4, in table "jyzx_competition..orderinfo"
[DEBUG] [14:18:07.509] [JavaFX Application Thread] [] org.mybatis.generator.internal.db.DatabaseIntrospector.getColumns:563 --> Found column "price", data type 7, in table "jyzx_competition..orderinfo"
[DEBUG] [14:18:07.509] [JavaFX Application Thread] [] org.mybatis.generator.internal.db.DatabaseIntrospector.getColumns:563 --> Found column "pay_type", data type 4, in table "jyzx_competition..orderinfo"
[DEBUG] [14:18:07.510] [JavaFX Application Thread] [] org.mybatis.generator.internal.db.DatabaseIntrospector.getColumns:563 --> Found column "pay_state", data type 4, in table "jyzx_competition..orderinfo"
[DEBUG] [14:18:07.510] [JavaFX Application Thread] [] org.mybatis.generator.internal.db.DatabaseIntrospector.getColumns:563 --> Found column "pay_datetime", data type 93, in table "jyzx_competition..orderinfo"
